<?xml version="1.0" encoding="UTF-8"?>
<robot generator="Robot 5.0.1 (Python 3.6.4 on win32)" generated="20220801 11:18:18.716" rpa="false" schemaversion="3">
<suite id="s1" name="Test" source="C:\Users\admine\Desktop\python Bot\Test.robot">
<test id="s1-t1" name="LoginTest" line="14">
<kw name="Open Browser" library="SeleniumLibrary">
<arg>${url}</arg>
<arg>${browser}</arg>
<doc>Opens a new browser instance to the optional ``url``.</doc>
<msg timestamp="20220801 11:18:19.127" level="INFO">Opening browser 'Chrome' to base url 'https://www.leboncoin.fr/voitures/2161331390.htm'.</msg>
<status status="PASS" starttime="20220801 11:18:19.124" endtime="20220801 11:19:02.424"/>
</kw>
<kw name="Click Element" library="SeleniumLibrary">
<arg>//button[@id="didomi-notice-agree-button"]</arg>
<doc>Click the element identified by ``locator``.</doc>
<msg timestamp="20220801 11:19:02.427" level="INFO">Clicking element '//button[@id="didomi-notice-agree-button"]'.</msg>
<status status="PASS" starttime="20220801 11:19:02.425" endtime="20220801 11:19:02.937"/>
</kw>
<kw name="Click Element" library="SeleniumLibrary">
<arg>${var}</arg>
<doc>Click the element identified by ``locator``.</doc>
<msg timestamp="20220801 11:19:02.940" level="INFO">Clicking element '//button[@title="voir le numéro"]'.</msg>
<status status="PASS" starttime="20220801 11:19:02.939" endtime="20220801 11:19:16.284"/>
</kw>
<kw name="Input Text" library="SeleniumLibrary">
<arg>id:email</arg>
<arg>admin@espacebazar.com</arg>
<doc>Types the given ``text`` into the text field identified by ``locator``.</doc>
<msg timestamp="20220801 11:19:16.286" level="INFO">Typing text 'admin@espacebazar.com' into text field 'id:email'.</msg>
<status status="PASS" starttime="20220801 11:19:16.285" endtime="20220801 11:19:16.495"/>
</kw>
<kw name="Input Text" library="SeleniumLibrary">
<arg>id:password</arg>
<arg>Espacebazar2022</arg>
<doc>Types the given ``text`` into the text field identified by ``locator``.</doc>
<msg timestamp="20220801 11:19:16.496" level="INFO">Typing text 'Espacebazar2022' into text field 'id:password'.</msg>
<status status="PASS" starttime="20220801 11:19:16.495" endtime="20220801 11:19:16.703"/>
</kw>
<kw name="Click Element" library="SeleniumLibrary">
<arg>xpath://*[@id="__next"]/div/main/div/div/form/div[5]/button</arg>
<doc>Click the element identified by ``locator``.</doc>
<msg timestamp="20220801 11:19:16.704" level="INFO">Clicking element 'xpath://*[@id="__next"]/div/main/div/div/form/div[5]/button'.</msg>
<status status="PASS" starttime="20220801 11:19:16.704" endtime="20220801 11:19:16.818"/>
</kw>
<kw name="Wait Until Element Is Visible" library="SeleniumLibrary">
<arg>${var}</arg>
<arg>4 minutes</arg>
<doc>Waits until the element ``locator`` is visible.</doc>
<status status="PASS" starttime="20220801 11:19:16.819" endtime="20220801 11:19:51.488"/>
</kw>
<kw name="ReadLinks">
<kw name="Get File" library="OperatingSystem">
<var>${File}</var>
<arg>contacts.txt</arg>
<doc>Returns the contents of a specified file.</doc>
<msg timestamp="20220801 11:19:51.490" level="INFO" html="true">Getting file '&lt;a href="file://C:\Users\admine\Desktop\python Bot\contacts.txt"&gt;C:\Users\admine\Desktop\python Bot\contacts.txt&lt;/a&gt;'.</msg>
<msg timestamp="20220801 11:19:51.490" level="INFO">${File} = https://www.leboncoin.fr/voitures/2197964559.htm
https://www.leboncoin.fr/voitures/2197964713.htm
https://www.leboncoin.fr/voitures/2197964732.htm
https://www.leboncoin.fr/voitures/2197964764.htm
http...</msg>
<status status="PASS" starttime="20220801 11:19:51.490" endtime="20220801 11:19:51.490"/>
</kw>
<kw name="Split To Lines" library="String">
<var>@{list}</var>
<arg>${File}</arg>
<doc>Splits the given string to lines.</doc>
<msg timestamp="20220801 11:19:51.491" level="INFO">27 lines returned</msg>
<msg timestamp="20220801 11:19:51.491" level="INFO">@{list} = [ https://www.leboncoin.fr/voitures/2197964559.htm | https://www.leboncoin.fr/voitures/2197964713.htm | https://www.leboncoin.fr/voitures/2197964732.htm | https://www.leboncoin.fr/voitures/2197964764....</msg>
<status status="PASS" starttime="20220801 11:19:51.491" endtime="20220801 11:19:51.491"/>
</kw>
<for flavor="IN">
<var>${line}</var>
<value>@{list}</value>
<iter>
<var name="${line}">https://www.leboncoin.fr/voitures/2197964559.htm</var>
<kw name="Get Variable Value" library="BuiltIn">
<var>${Value}</var>
<arg>${line}</arg>
<doc>Returns variable value or ``default`` if the variable does not exist.</doc>
<msg timestamp="20220801 11:19:51.493" level="INFO">${Value} = https://www.leboncoin.fr/voitures/2197964559.htm</msg>
<status status="PASS" starttime="20220801 11:19:51.492" endtime="20220801 11:19:51.493"/>
</kw>
<kw name="Go To" library="SeleniumLibrary">
<arg>${value}</arg>
<doc>Navigates the current browser window to the provided ``url``.</doc>
<msg timestamp="20220801 11:19:51.493" level="INFO">Opening url 'https://www.leboncoin.fr/voitures/2197964559.htm'</msg>
<status status="PASS" starttime="20220801 11:19:51.493" endtime="20220801 11:20:22.440"/>
</kw>
<kw name="Get Element Count" library="SeleniumLibrary">
<var>${navbarExist}</var>
<arg>${nav}</arg>
<doc>Returns the number of elements matching ``locator``.</doc>
<msg timestamp="20220801 11:20:22.459" level="INFO">${navbarExist} = 1</msg>
<status status="PASS" starttime="20220801 11:20:22.440" endtime="20220801 11:20:22.459"/>
</kw>
<if>
<branch type="IF" condition="${navbarExist} != 0">
<kw name="Get Element Count" library="SeleniumLibrary">
<var>${present}</var>
<arg>${var}</arg>
<doc>Returns the number of elements matching ``locator``.</doc>
<msg timestamp="20220801 11:20:22.470" level="INFO">${present} = 0</msg>
<status status="PASS" starttime="20220801 11:20:22.460" endtime="20220801 11:20:22.470"/>
</kw>
<if>
<branch type="IF" condition="${present} != 0">
<kw name="Click Element" library="SeleniumLibrary">
<arg>${var}</arg>
<doc>Click the element identified by ``locator``.</doc>
<status status="NOT RUN" starttime="20220801 11:20:22.471" endtime="20220801 11:20:22.471"/>
</kw>
<kw name="Sleep" library="BuiltIn">
<arg>5sec</arg>
<doc>Pauses the test executed for the given time.</doc>
<status status="NOT RUN" starttime="20220801 11:20:22.471" endtime="20220801 11:20:22.471"/>
</kw>
<kw name="Get Element Count" library="SeleniumLibrary">
<var>${waits}</var>
<arg>//a[@class="_2qvLx _3osY2 _35pAC _1Vw3w _kC3e _32ILh _2L9kx _30q3D _1y_ge _3QJkO"]</arg>
<doc>Returns the number of elements matching ``locator``.</doc>
<status status="NOT RUN" starttime="20220801 11:20:22.471" endtime="20220801 11:20:22.471"/>
</kw>
<if>
<branch type="IF" condition="${waits} == 0">
<continue>
<status status="NOT RUN" starttime="20220801 11:20:22.472" endtime="20220801 11:20:22.472"/>
</continue>
<status status="NOT RUN" starttime="20220801 11:20:22.471" endtime="20220801 11:20:22.472"/>
</branch>
<status status="NOT RUN" starttime="20220801 11:20:22.471" endtime="20220801 11:20:22.472"/>
</if>
<if>
<branch type="IF" condition="${waits} != 0">
<kw name="Get Text" library="SeleniumLibrary">
<var>${number}</var>
<arg>//a[@class="_2qvLx _3osY2 _35pAC _1Vw3w _kC3e _32ILh _2L9kx _30q3D _1y_ge _3QJkO"]</arg>
<doc>Returns the text value of the element identified by ``locator``.</doc>
<status status="NOT RUN" starttime="20220801 11:20:22.472" endtime="20220801 11:20:22.472"/>
</kw>
<kw name="InsertNumbers">
<arg>${number}</arg>
<status status="NOT RUN" starttime="20220801 11:20:22.472" endtime="20220801 11:20:22.473"/>
</kw>
<kw name="Append To File" library="OperatingSystem">
<var>${str}</var>
<arg>C:\\Users\\admine\\Desktop\\python Bot\\links_numbers.txt</arg>
<arg>${number} :: ${Value}\n</arg>
<doc>Appends the given content to the specified file.</doc>
<status status="NOT RUN" starttime="20220801 11:20:22.473" endtime="20220801 11:20:22.473"/>
</kw>
<status status="NOT RUN" starttime="20220801 11:20:22.472" endtime="20220801 11:20:22.473"/>
</branch>
<status status="NOT RUN" starttime="20220801 11:20:22.472" endtime="20220801 11:20:22.473"/>
</if>
<status status="NOT RUN" starttime="20220801 11:20:22.470" endtime="20220801 11:20:22.473"/>
</branch>
<status status="PASS" starttime="20220801 11:20:22.470" endtime="20220801 11:20:22.473"/>
</if>
<if>
<branch type="IF" condition="${present} == 0">
<continue>
<status status="PASS" starttime="20220801 11:20:22.474" endtime="20220801 11:20:22.474"/>
</continue>
<status status="PASS" starttime="20220801 11:20:22.474" endtime="20220801 11:20:22.474"/>
</branch>
<status status="PASS" starttime="20220801 11:20:22.473" endtime="20220801 11:20:22.474"/>
</if>
<status status="PASS" starttime="20220801 11:20:22.460" endtime="20220801 11:20:22.474"/>
</branch>
<status status="PASS" starttime="20220801 11:20:22.459" endtime="20220801 11:20:22.474"/>
</if>
<if>
<branch type="IF" condition="${navbarExist} == 0">
<kw name="Log To Console" library="BuiltIn">
<arg>${Value}</arg>
<doc>Logs the given message to the console.</doc>
<status status="NOT RUN" starttime="20220801 11:20:22.474" endtime="20220801 11:20:22.475"/>
</kw>
<kw name="Append To File" library="OperatingSystem">
<var>${str}</var>
<arg>C:\\Users\\admine\\Desktop\\python Bot\\dernier_lien.txt</arg>
<arg>${Value}\n</arg>
<doc>Appends the given content to the specified file.</doc>
<status status="NOT RUN" starttime="20220801 11:20:22.475" endtime="20220801 11:20:22.475"/>
</kw>
<kw name="Close Browser" library="SeleniumLibrary">
<doc>Closes the current browser.</doc>
<status status="NOT RUN" starttime="20220801 11:20:22.475" endtime="20220801 11:20:22.475"/>
</kw>
<status status="NOT RUN" starttime="20220801 11:20:22.474" endtime="20220801 11:20:22.475"/>
</branch>
<status status="NOT RUN" starttime="20220801 11:20:22.474" endtime="20220801 11:20:22.475"/>
</if>
<status status="PASS" starttime="20220801 11:19:51.492" endtime="20220801 11:20:22.475"/>
</iter>
<iter>
<var name="${line}">https://www.leboncoin.fr/voitures/2197964713.htm</var>
<kw name="Get Variable Value" library="BuiltIn">
<var>${Value}</var>
<arg>${line}</arg>
<doc>Returns variable value or ``default`` if the variable does not exist.</doc>
<msg timestamp="20220801 11:20:22.476" level="INFO">${Value} = https://www.leboncoin.fr/voitures/2197964713.htm</msg>
<status status="PASS" starttime="20220801 11:20:22.476" endtime="20220801 11:20:22.476"/>
</kw>
<kw name="Go To" library="SeleniumLibrary">
<arg>${value}</arg>
<doc>Navigates the current browser window to the provided ``url``.</doc>
<msg timestamp="20220801 11:20:22.477" level="INFO">Opening url 'https://www.leboncoin.fr/voitures/2197964713.htm'</msg>
<status status="PASS" starttime="20220801 11:20:22.477" endtime="20220801 11:20:54.612"/>
</kw>
<kw name="Get Element Count" library="SeleniumLibrary">
<var>${navbarExist}</var>
<arg>${nav}</arg>
<doc>Returns the number of elements matching ``locator``.</doc>
<msg timestamp="20220801 11:20:54.641" level="INFO">${navbarExist} = 1</msg>
<status status="PASS" starttime="20220801 11:20:54.612" endtime="20220801 11:20:54.641"/>
</kw>
<if>
<branch type="IF" condition="${navbarExist} != 0">
<kw name="Get Element Count" library="SeleniumLibrary">
<var>${present}</var>
<arg>${var}</arg>
<doc>Returns the number of elements matching ``locator``.</doc>
<msg timestamp="20220801 11:20:54.664" level="INFO">${present} = 1</msg>
<status status="PASS" starttime="20220801 11:20:54.641" endtime="20220801 11:20:54.664"/>
</kw>
<if>
<branch type="IF" condition="${present} != 0">
<kw name="Click Element" library="SeleniumLibrary">
<arg>${var}</arg>
<doc>Click the element identified by ``locator``.</doc>
<msg timestamp="20220801 11:20:54.666" level="INFO">Clicking element '//button[@title="voir le numéro"]'.</msg>
<status status="PASS" starttime="20220801 11:20:54.665" endtime="20220801 11:20:55.061"/>
</kw>
<kw name="Sleep" library="BuiltIn">
<arg>5sec</arg>
<doc>Pauses the test executed for the given time.</doc>
<msg timestamp="20220801 11:21:00.063" level="INFO">Slept 5 seconds</msg>
<status status="PASS" starttime="20220801 11:20:55.061" endtime="20220801 11:21:00.063"/>
</kw>
<kw name="Get Element Count" library="SeleniumLibrary">
<var>${waits}</var>
<arg>//a[@class="_2qvLx _3osY2 _35pAC _1Vw3w _kC3e _32ILh _2L9kx _30q3D _1y_ge _3QJkO"]</arg>
<doc>Returns the number of elements matching ``locator``.</doc>
<msg timestamp="20220801 11:21:00.086" level="INFO">${waits} = 1</msg>
<status status="PASS" starttime="20220801 11:21:00.063" endtime="20220801 11:21:00.086"/>
</kw>
<if>
<branch type="IF" condition="${waits} == 0">
<continue>
<status status="NOT RUN" starttime="20220801 11:21:00.087" endtime="20220801 11:21:00.087"/>
</continue>
<status status="NOT RUN" starttime="20220801 11:21:00.087" endtime="20220801 11:21:00.087"/>
</branch>
<status status="PASS" starttime="20220801 11:21:00.086" endtime="20220801 11:21:00.087"/>
</if>
<if>
<branch type="IF" condition="${waits} != 0">
<kw name="Get Text" library="SeleniumLibrary">
<var>${number}</var>
<arg>//a[@class="_2qvLx _3osY2 _35pAC _1Vw3w _kC3e _32ILh _2L9kx _30q3D _1y_ge _3QJkO"]</arg>
<doc>Returns the text value of the element identified by ``locator``.</doc>
<msg timestamp="20220801 11:21:00.125" level="INFO">${number} = 06 63 37 62 56</msg>
<status status="PASS" starttime="20220801 11:21:00.088" endtime="20220801 11:21:00.125"/>
</kw>
<kw name="InsertNumbers">
<arg>${number}</arg>
<kw name="Append To File" library="OperatingSystem">
<var>${str}</var>
<arg>C:\\Users\\admine\\Desktop\\python Bot\\phone_numbers.txt</arg>
<arg>${variable}\n</arg>
<doc>Appends the given content to the specified file.</doc>
<msg timestamp="20220801 11:21:00.150" level="INFO" html="true">Appended to file '&lt;a href="file://C:\Users\admine\Desktop\python Bot\phone_numbers.txt"&gt;C:\Users\admine\Desktop\python Bot\phone_numbers.txt&lt;/a&gt;'.</msg>
<msg timestamp="20220801 11:21:00.151" level="INFO">${str} = None</msg>
<status status="PASS" starttime="20220801 11:21:00.126" endtime="20220801 11:21:00.151"/>
</kw>
<status status="PASS" starttime="20220801 11:21:00.125" endtime="20220801 11:21:00.151"/>
</kw>
<kw name="Append To File" library="OperatingSystem">
<var>${str}</var>
<arg>C:\\Users\\admine\\Desktop\\python Bot\\links_numbers.txt</arg>
<arg>${number} :: ${Value}\n</arg>
<doc>Appends the given content to the specified file.</doc>
<msg timestamp="20220801 11:21:00.154" level="INFO" html="true">Appended to file '&lt;a href="file://C:\Users\admine\Desktop\python Bot\links_numbers.txt"&gt;C:\Users\admine\Desktop\python Bot\links_numbers.txt&lt;/a&gt;'.</msg>
<msg timestamp="20220801 11:21:00.154" level="INFO">${str} = None</msg>
<status status="PASS" starttime="20220801 11:21:00.152" endtime="20220801 11:21:00.154"/>
</kw>
<status status="PASS" starttime="20220801 11:21:00.088" endtime="20220801 11:21:00.154"/>
</branch>
<status status="PASS" starttime="20220801 11:21:00.087" endtime="20220801 11:21:00.155"/>
</if>
<status status="PASS" starttime="20220801 11:20:54.665" endtime="20220801 11:21:00.155"/>
</branch>
<status status="PASS" starttime="20220801 11:20:54.664" endtime="20220801 11:21:00.155"/>
</if>
<if>
<branch type="IF" condition="${present} == 0">
<continue>
<status status="NOT RUN" starttime="20220801 11:21:00.155" endtime="20220801 11:21:00.155"/>
</continue>
<status status="NOT RUN" starttime="20220801 11:21:00.155" endtime="20220801 11:21:00.156"/>
</branch>
<status status="PASS" starttime="20220801 11:21:00.155" endtime="20220801 11:21:00.156"/>
</if>
<status status="PASS" starttime="20220801 11:20:54.641" endtime="20220801 11:21:00.156"/>
</branch>
<status status="PASS" starttime="20220801 11:20:54.641" endtime="20220801 11:21:00.156"/>
</if>
<if>
<branch type="IF" condition="${navbarExist} == 0">
<kw name="Log To Console" library="BuiltIn">
<arg>${Value}</arg>
<doc>Logs the given message to the console.</doc>
<status status="NOT RUN" starttime="20220801 11:21:00.157" endtime="20220801 11:21:00.157"/>
</kw>
<kw name="Append To File" library="OperatingSystem">
<var>${str}</var>
<arg>C:\\Users\\admine\\Desktop\\python Bot\\dernier_lien.txt</arg>
<arg>${Value}\n</arg>
<doc>Appends the given content to the specified file.</doc>
<status status="NOT RUN" starttime="20220801 11:21:00.157" endtime="20220801 11:21:00.157"/>
</kw>
<kw name="Close Browser" library="SeleniumLibrary">
<doc>Closes the current browser.</doc>
<status status="NOT RUN" starttime="20220801 11:21:00.158" endtime="20220801 11:21:00.158"/>
</kw>
<status status="NOT RUN" starttime="20220801 11:21:00.156" endtime="20220801 11:21:00.158"/>
</branch>
<status status="PASS" starttime="20220801 11:21:00.156" endtime="20220801 11:21:00.158"/>
</if>
<status status="PASS" starttime="20220801 11:20:22.476" endtime="20220801 11:21:00.158"/>
</iter>
<iter>
<var name="${line}">https://www.leboncoin.fr/voitures/2197964732.htm</var>
<kw name="Get Variable Value" library="BuiltIn">
<var>${Value}</var>
<arg>${line}</arg>
<doc>Returns variable value or ``default`` if the variable does not exist.</doc>
<msg timestamp="20220801 11:21:00.160" level="INFO">${Value} = https://www.leboncoin.fr/voitures/2197964732.htm</msg>
<status status="PASS" starttime="20220801 11:21:00.159" endtime="20220801 11:21:00.160"/>
</kw>
<kw name="Go To" library="SeleniumLibrary">
<arg>${value}</arg>
<doc>Navigates the current browser window to the provided ``url``.</doc>
<msg timestamp="20220801 11:21:00.160" level="INFO">Opening url 'https://www.leboncoin.fr/voitures/2197964732.htm'</msg>
<status status="PASS" starttime="20220801 11:21:00.160" endtime="20220801 11:21:48.819"/>
</kw>
<kw name="Get Element Count" library="SeleniumLibrary">
<var>${navbarExist}</var>
<arg>${nav}</arg>
<doc>Returns the number of elements matching ``locator``.</doc>
<msg timestamp="20220801 11:21:48.839" level="INFO">${navbarExist} = 1</msg>
<status status="PASS" starttime="20220801 11:21:48.819" endtime="20220801 11:21:48.839"/>
</kw>
<if>
<branch type="IF" condition="${navbarExist} != 0">
<kw name="Get Element Count" library="SeleniumLibrary">
<var>${present}</var>
<arg>${var}</arg>
<doc>Returns the number of elements matching ``locator``.</doc>
<msg timestamp="20220801 11:21:48.856" level="INFO">${present} = 0</msg>
<status status="PASS" starttime="20220801 11:21:48.839" endtime="20220801 11:21:48.856"/>
</kw>
<if>
<branch type="IF" condition="${present} != 0">
<kw name="Click Element" library="SeleniumLibrary">
<arg>${var}</arg>
<doc>Click the element identified by ``locator``.</doc>
<status status="NOT RUN" starttime="20220801 11:21:48.857" endtime="20220801 11:21:48.857"/>
</kw>
<kw name="Sleep" library="BuiltIn">
<arg>5sec</arg>
<doc>Pauses the test executed for the given time.</doc>
<status status="NOT RUN" starttime="20220801 11:21:48.857" endtime="20220801 11:21:48.857"/>
</kw>
<kw name="Get Element Count" library="SeleniumLibrary">
<var>${waits}</var>
<arg>//a[@class="_2qvLx _3osY2 _35pAC _1Vw3w _kC3e _32ILh _2L9kx _30q3D _1y_ge _3QJkO"]</arg>
<doc>Returns the number of elements matching ``locator``.</doc>
<status status="NOT RUN" starttime="20220801 11:21:48.858" endtime="20220801 11:21:48.858"/>
</kw>
<if>
<branch type="IF" condition="${waits} == 0">
<continue>
<status status="NOT RUN" starttime="20220801 11:21:48.858" endtime="20220801 11:21:48.858"/>
</continue>
<status status="NOT RUN" starttime="20220801 11:21:48.858" endtime="20220801 11:21:48.858"/>
</branch>
<status status="NOT RUN" starttime="20220801 11:21:48.858" endtime="20220801 11:21:48.858"/>
</if>
<if>
<branch type="IF" condition="${waits} != 0">
<kw name="Get Text" library="SeleniumLibrary">
<var>${number}</var>
<arg>//a[@class="_2qvLx _3osY2 _35pAC _1Vw3w _kC3e _32ILh _2L9kx _30q3D _1y_ge _3QJkO"]</arg>
<doc>Returns the text value of the element identified by ``locator``.</doc>
<status status="NOT RUN" starttime="20220801 11:21:48.858" endtime="20220801 11:21:48.859"/>
</kw>
<kw name="InsertNumbers">
<arg>${number}</arg>
<status status="NOT RUN" starttime="20220801 11:21:48.859" endtime="20220801 11:21:48.859"/>
</kw>
<kw name="Append To File" library="OperatingSystem">
<var>${str}</var>
<arg>C:\\Users\\admine\\Desktop\\python Bot\\links_numbers.txt</arg>
<arg>${number} :: ${Value}\n</arg>
<doc>Appends the given content to the specified file.</doc>
<status status="NOT RUN" starttime="20220801 11:21:48.859" endtime="20220801 11:21:48.859"/>
</kw>
<status status="NOT RUN" starttime="20220801 11:21:48.858" endtime="20220801 11:21:48.859"/>
</branch>
<status status="NOT RUN" starttime="20220801 11:21:48.858" endtime="20220801 11:21:48.859"/>
</if>
<status status="NOT RUN" starttime="20220801 11:21:48.857" endtime="20220801 11:21:48.859"/>
</branch>
<status status="PASS" starttime="20220801 11:21:48.856" endtime="20220801 11:21:48.859"/>
</if>
<if>
<branch type="IF" condition="${present} == 0">
<continue>
<status status="PASS" starttime="20220801 11:21:48.860" endtime="20220801 11:21:48.860"/>
</continue>
<status status="PASS" starttime="20220801 11:21:48.860" endtime="20220801 11:21:48.860"/>
</branch>
<status status="PASS" starttime="20220801 11:21:48.860" endtime="20220801 11:21:48.860"/>
</if>
<status status="PASS" starttime="20220801 11:21:48.839" endtime="20220801 11:21:48.860"/>
</branch>
<status status="PASS" starttime="20220801 11:21:48.839" endtime="20220801 11:21:48.860"/>
</if>
<if>
<branch type="IF" condition="${navbarExist} == 0">
<kw name="Log To Console" library="BuiltIn">
<arg>${Value}</arg>
<doc>Logs the given message to the console.</doc>
<status status="NOT RUN" starttime="20220801 11:21:48.861" endtime="20220801 11:21:48.861"/>
</kw>
<kw name="Append To File" library="OperatingSystem">
<var>${str}</var>
<arg>C:\\Users\\admine\\Desktop\\python Bot\\dernier_lien.txt</arg>
<arg>${Value}\n</arg>
<doc>Appends the given content to the specified file.</doc>
<status status="NOT RUN" starttime="20220801 11:21:48.861" endtime="20220801 11:21:48.861"/>
</kw>
<kw name="Close Browser" library="SeleniumLibrary">
<doc>Closes the current browser.</doc>
<status status="NOT RUN" starttime="20220801 11:21:48.861" endtime="20220801 11:21:48.861"/>
</kw>
<status status="NOT RUN" starttime="20220801 11:21:48.860" endtime="20220801 11:21:48.861"/>
</branch>
<status status="NOT RUN" starttime="20220801 11:21:48.860" endtime="20220801 11:21:48.861"/>
</if>
<status status="PASS" starttime="20220801 11:21:00.158" endtime="20220801 11:21:48.862"/>
</iter>
<iter>
<var name="${line}">https://www.leboncoin.fr/voitures/2197964764.htm</var>
<kw name="Get Variable Value" library="BuiltIn">
<var>${Value}</var>
<arg>${line}</arg>
<doc>Returns variable value or ``default`` if the variable does not exist.</doc>
<msg timestamp="20220801 11:21:48.863" level="INFO">${Value} = https://www.leboncoin.fr/voitures/2197964764.htm</msg>
<status status="PASS" starttime="20220801 11:21:48.862" endtime="20220801 11:21:48.863"/>
</kw>
<kw name="Go To" library="SeleniumLibrary">
<arg>${value}</arg>
<doc>Navigates the current browser window to the provided ``url``.</doc>
<msg timestamp="20220801 11:21:48.863" level="INFO">Opening url 'https://www.leboncoin.fr/voitures/2197964764.htm'</msg>
<status status="PASS" starttime="20220801 11:21:48.863" endtime="20220801 11:22:19.133"/>
</kw>
<kw name="Get Element Count" library="SeleniumLibrary">
<var>${navbarExist}</var>
<arg>${nav}</arg>
<doc>Returns the number of elements matching ``locator``.</doc>
<msg timestamp="20220801 11:22:19.146" level="INFO">${navbarExist} = 1</msg>
<status status="PASS" starttime="20220801 11:22:19.133" endtime="20220801 11:22:19.146"/>
</kw>
<if>
<branch type="IF" condition="${navbarExist} != 0">
<kw name="Get Element Count" library="SeleniumLibrary">
<var>${present}</var>
<arg>${var}</arg>
<doc>Returns the number of elements matching ``locator``.</doc>
<msg timestamp="20220801 11:22:19.157" level="INFO">${present} = 1</msg>
<status status="PASS" starttime="20220801 11:22:19.147" endtime="20220801 11:22:19.157"/>
</kw>
<if>
<branch type="IF" condition="${present} != 0">
<kw name="Click Element" library="SeleniumLibrary">
<arg>${var}</arg>
<doc>Click the element identified by ``locator``.</doc>
<msg timestamp="20220801 11:22:19.158" level="INFO">Clicking element '//button[@title="voir le numéro"]'.</msg>
<status status="PASS" starttime="20220801 11:22:19.158" endtime="20220801 11:22:19.362"/>
</kw>
<kw name="Sleep" library="BuiltIn">
<arg>5sec</arg>
<doc>Pauses the test executed for the given time.</doc>
<msg timestamp="20220801 11:22:24.363" level="INFO">Slept 5 seconds</msg>
<status status="PASS" starttime="20220801 11:22:19.362" endtime="20220801 11:22:24.363"/>
</kw>
<kw name="Get Element Count" library="SeleniumLibrary">
<var>${waits}</var>
<arg>//a[@class="_2qvLx _3osY2 _35pAC _1Vw3w _kC3e _32ILh _2L9kx _30q3D _1y_ge _3QJkO"]</arg>
<doc>Returns the number of elements matching ``locator``.</doc>
<msg timestamp="20220801 11:22:24.382" level="INFO">${waits} = 1</msg>
<status status="PASS" starttime="20220801 11:22:24.363" endtime="20220801 11:22:24.382"/>
</kw>
<if>
<branch type="IF" condition="${waits} == 0">
<continue>
<status status="NOT RUN" starttime="20220801 11:22:24.382" endtime="20220801 11:22:24.382"/>
</continue>
<status status="NOT RUN" starttime="20220801 11:22:24.382" endtime="20220801 11:22:24.382"/>
</branch>
<status status="PASS" starttime="20220801 11:22:24.382" endtime="20220801 11:22:24.383"/>
</if>
<if>
<branch type="IF" condition="${waits} != 0">
<kw name="Get Text" library="SeleniumLibrary">
<var>${number}</var>
<arg>//a[@class="_2qvLx _3osY2 _35pAC _1Vw3w _kC3e _32ILh _2L9kx _30q3D _1y_ge _3QJkO"]</arg>
<doc>Returns the text value of the element identified by ``locator``.</doc>
<msg timestamp="20220801 11:22:24.415" level="INFO">${number} = 06 36 12 49 72</msg>
<status status="PASS" starttime="20220801 11:22:24.383" endtime="20220801 11:22:24.415"/>
</kw>
<kw name="InsertNumbers">
<arg>${number}</arg>
<kw name="Append To File" library="OperatingSystem">
<var>${str}</var>
<arg>C:\\Users\\admine\\Desktop\\python Bot\\phone_numbers.txt</arg>
<arg>${variable}\n</arg>
<doc>Appends the given content to the specified file.</doc>
<msg timestamp="20220801 11:22:24.417" level="INFO" html="true">Appended to file '&lt;a href="file://C:\Users\admine\Desktop\python Bot\phone_numbers.txt"&gt;C:\Users\admine\Desktop\python Bot\phone_numbers.txt&lt;/a&gt;'.</msg>
<msg timestamp="20220801 11:22:24.417" level="INFO">${str} = None</msg>
<status status="PASS" starttime="20220801 11:22:24.416" endtime="20220801 11:22:24.417"/>
</kw>
<status status="PASS" starttime="20220801 11:22:24.415" endtime="20220801 11:22:24.417"/>
</kw>
<kw name="Append To File" library="OperatingSystem">
<var>${str}</var>
<arg>C:\\Users\\admine\\Desktop\\python Bot\\links_numbers.txt</arg>
<arg>${number} :: ${Value}\n</arg>
<doc>Appends the given content to the specified file.</doc>
<msg timestamp="20220801 11:22:24.419" level="INFO" html="true">Appended to file '&lt;a href="file://C:\Users\admine\Desktop\python Bot\links_numbers.txt"&gt;C:\Users\admine\Desktop\python Bot\links_numbers.txt&lt;/a&gt;'.</msg>
<msg timestamp="20220801 11:22:24.419" level="INFO">${str} = None</msg>
<status status="PASS" starttime="20220801 11:22:24.417" endtime="20220801 11:22:24.419"/>
</kw>
<status status="PASS" starttime="20220801 11:22:24.383" endtime="20220801 11:22:24.419"/>
</branch>
<status status="PASS" starttime="20220801 11:22:24.383" endtime="20220801 11:22:24.419"/>
</if>
<status status="PASS" starttime="20220801 11:22:19.158" endtime="20220801 11:22:24.419"/>
</branch>
<status status="PASS" starttime="20220801 11:22:19.157" endtime="20220801 11:22:24.419"/>
</if>
<if>
<branch type="IF" condition="${present} == 0">
<continue>
<status status="NOT RUN" starttime="20220801 11:22:24.420" endtime="20220801 11:22:24.420"/>
</continue>
<status status="NOT RUN" starttime="20220801 11:22:24.420" endtime="20220801 11:22:24.420"/>
</branch>
<status status="PASS" starttime="20220801 11:22:24.419" endtime="20220801 11:22:24.420"/>
</if>
<status status="PASS" starttime="20220801 11:22:19.147" endtime="20220801 11:22:24.420"/>
</branch>
<status status="PASS" starttime="20220801 11:22:19.146" endtime="20220801 11:22:24.420"/>
</if>
<if>
<branch type="IF" condition="${navbarExist} == 0">
<kw name="Log To Console" library="BuiltIn">
<arg>${Value}</arg>
<doc>Logs the given message to the console.</doc>
<status status="NOT RUN" starttime="20220801 11:22:24.421" endtime="20220801 11:22:24.421"/>
</kw>
<kw name="Append To File" library="OperatingSystem">
<var>${str}</var>
<arg>C:\\Users\\admine\\Desktop\\python Bot\\dernier_lien.txt</arg>
<arg>${Value}\n</arg>
<doc>Appends the given content to the specified file.</doc>
<status status="NOT RUN" starttime="20220801 11:22:24.421" endtime="20220801 11:22:24.421"/>
</kw>
<kw name="Close Browser" library="SeleniumLibrary">
<doc>Closes the current browser.</doc>
<status status="NOT RUN" starttime="20220801 11:22:24.421" endtime="20220801 11:22:24.421"/>
</kw>
<status status="NOT RUN" starttime="20220801 11:22:24.420" endtime="20220801 11:22:24.421"/>
</branch>
<status status="PASS" starttime="20220801 11:22:24.420" endtime="20220801 11:22:24.421"/>
</if>
<status status="PASS" starttime="20220801 11:21:48.862" endtime="20220801 11:22:24.422"/>
</iter>
<iter>
<var name="${line}">https://www.leboncoin.fr/voitures/2197964770.htm</var>
<kw name="Get Variable Value" library="BuiltIn">
<var>${Value}</var>
<arg>${line}</arg>
<doc>Returns variable value or ``default`` if the variable does not exist.</doc>
<msg timestamp="20220801 11:22:24.423" level="INFO">${Value} = https://www.leboncoin.fr/voitures/2197964770.htm</msg>
<status status="PASS" starttime="20220801 11:22:24.422" endtime="20220801 11:22:24.423"/>
</kw>
<kw name="Go To" library="SeleniumLibrary">
<arg>${value}</arg>
<doc>Navigates the current browser window to the provided ``url``.</doc>
<msg timestamp="20220801 11:22:24.423" level="INFO">Opening url 'https://www.leboncoin.fr/voitures/2197964770.htm'</msg>
<status status="PASS" starttime="20220801 11:22:24.423" endtime="20220801 11:22:54.930"/>
</kw>
<kw name="Get Element Count" library="SeleniumLibrary">
<var>${navbarExist}</var>
<arg>${nav}</arg>
<doc>Returns the number of elements matching ``locator``.</doc>
<msg timestamp="20220801 11:22:54.944" level="INFO">${navbarExist} = 1</msg>
<status status="PASS" starttime="20220801 11:22:54.930" endtime="20220801 11:22:54.944"/>
</kw>
<if>
<branch type="IF" condition="${navbarExist} != 0">
<kw name="Get Element Count" library="SeleniumLibrary">
<var>${present}</var>
<arg>${var}</arg>
<doc>Returns the number of elements matching ``locator``.</doc>
<msg timestamp="20220801 11:22:54.956" level="INFO">${present} = 0</msg>
<status status="PASS" starttime="20220801 11:22:54.945" endtime="20220801 11:22:54.956"/>
</kw>
<if>
<branch type="IF" condition="${present} != 0">
<kw name="Click Element" library="SeleniumLibrary">
<arg>${var}</arg>
<doc>Click the element identified by ``locator``.</doc>
<status status="NOT RUN" starttime="20220801 11:22:54.956" endtime="20220801 11:22:54.956"/>
</kw>
<kw name="Sleep" library="BuiltIn">
<arg>5sec</arg>
<doc>Pauses the test executed for the given time.</doc>
<status status="NOT RUN" starttime="20220801 11:22:54.957" endtime="20220801 11:22:54.957"/>
</kw>
<kw name="Get Element Count" library="SeleniumLibrary">
<var>${waits}</var>
<arg>//a[@class="_2qvLx _3osY2 _35pAC _1Vw3w _kC3e _32ILh _2L9kx _30q3D _1y_ge _3QJkO"]</arg>
<doc>Returns the number of elements matching ``locator``.</doc>
<status status="NOT RUN" starttime="20220801 11:22:54.957" endtime="20220801 11:22:54.957"/>
</kw>
<if>
<branch type="IF" condition="${waits} == 0">
<continue>
<status status="NOT RUN" starttime="20220801 11:22:54.957" endtime="20220801 11:22:54.957"/>
</continue>
<status status="NOT RUN" starttime="20220801 11:22:54.957" endtime="20220801 11:22:54.957"/>
</branch>
<status status="NOT RUN" starttime="20220801 11:22:54.957" endtime="20220801 11:22:54.958"/>
</if>
<if>
<branch type="IF" condition="${waits} != 0">
<kw name="Get Text" library="SeleniumLibrary">
<var>${number}</var>
<arg>//a[@class="_2qvLx _3osY2 _35pAC _1Vw3w _kC3e _32ILh _2L9kx _30q3D _1y_ge _3QJkO"]</arg>
<doc>Returns the text value of the element identified by ``locator``.</doc>
<status status="NOT RUN" starttime="20220801 11:22:54.958" endtime="20220801 11:22:54.958"/>
</kw>
<kw name="InsertNumbers">
<arg>${number}</arg>
<status status="NOT RUN" starttime="20220801 11:22:54.958" endtime="20220801 11:22:54.958"/>
</kw>
<kw name="Append To File" library="OperatingSystem">
<var>${str}</var>
<arg>C:\\Users\\admine\\Desktop\\python Bot\\links_numbers.txt</arg>
<arg>${number} :: ${Value}\n</arg>
<doc>Appends the given content to the specified file.</doc>
<status status="NOT RUN" starttime="20220801 11:22:54.959" endtime="20220801 11:22:54.959"/>
</kw>
<status status="NOT RUN" starttime="20220801 11:22:54.958" endtime="20220801 11:22:54.959"/>
</branch>
<status status="NOT RUN" starttime="20220801 11:22:54.958" endtime="20220801 11:22:54.959"/>
</if>
<status status="NOT RUN" starttime="20220801 11:22:54.956" endtime="20220801 11:22:54.959"/>
</branch>
<status status="PASS" starttime="20220801 11:22:54.956" endtime="20220801 11:22:54.959"/>
</if>
<if>
<branch type="IF" condition="${present} == 0">
<continue>
<status status="PASS" starttime="20220801 11:22:54.959" endtime="20220801 11:22:54.959"/>
</continue>
<status status="PASS" starttime="20220801 11:22:54.959" endtime="20220801 11:22:54.960"/>
</branch>
<status status="PASS" starttime="20220801 11:22:54.959" endtime="20220801 11:22:54.960"/>
</if>
<status status="PASS" starttime="20220801 11:22:54.945" endtime="20220801 11:22:54.960"/>
</branch>
<status status="PASS" starttime="20220801 11:22:54.944" endtime="20220801 11:22:54.960"/>
</if>
<if>
<branch type="IF" condition="${navbarExist} == 0">
<kw name="Log To Console" library="BuiltIn">
<arg>${Value}</arg>
<doc>Logs the given message to the console.</doc>
<status status="NOT RUN" starttime="20220801 11:22:54.960" endtime="20220801 11:22:54.960"/>
</kw>
<kw name="Append To File" library="OperatingSystem">
<var>${str}</var>
<arg>C:\\Users\\admine\\Desktop\\python Bot\\dernier_lien.txt</arg>
<arg>${Value}\n</arg>
<doc>Appends the given content to the specified file.</doc>
<status status="NOT RUN" starttime="20220801 11:22:54.960" endtime="20220801 11:22:54.961"/>
</kw>
<kw name="Close Browser" library="SeleniumLibrary">
<doc>Closes the current browser.</doc>
<status status="NOT RUN" starttime="20220801 11:22:54.961" endtime="20220801 11:22:54.961"/>
</kw>
<status status="NOT RUN" starttime="20220801 11:22:54.960" endtime="20220801 11:22:54.961"/>
</branch>
<status status="NOT RUN" starttime="20220801 11:22:54.960" endtime="20220801 11:22:54.961"/>
</if>
<status status="PASS" starttime="20220801 11:22:24.422" endtime="20220801 11:22:54.961"/>
</iter>
<iter>
<var name="${line}">https://www.leboncoin.fr/voitures/2197964875.htm</var>
<kw name="Get Variable Value" library="BuiltIn">
<var>${Value}</var>
<arg>${line}</arg>
<doc>Returns variable value or ``default`` if the variable does not exist.</doc>
<msg timestamp="20220801 11:22:54.962" level="INFO">${Value} = https://www.leboncoin.fr/voitures/2197964875.htm</msg>
<status status="PASS" starttime="20220801 11:22:54.961" endtime="20220801 11:22:54.962"/>
</kw>
<kw name="Go To" library="SeleniumLibrary">
<arg>${value}</arg>
<doc>Navigates the current browser window to the provided ``url``.</doc>
<msg timestamp="20220801 11:22:54.963" level="INFO">Opening url 'https://www.leboncoin.fr/voitures/2197964875.htm'</msg>
<status status="PASS" starttime="20220801 11:22:54.962" endtime="20220801 11:23:34.455"/>
</kw>
<kw name="Get Element Count" library="SeleniumLibrary">
<var>${navbarExist}</var>
<arg>${nav}</arg>
<doc>Returns the number of elements matching ``locator``.</doc>
<msg timestamp="20220801 11:23:34.472" level="INFO">${navbarExist} = 1</msg>
<status status="PASS" starttime="20220801 11:23:34.456" endtime="20220801 11:23:34.472"/>
</kw>
<if>
<branch type="IF" condition="${navbarExist} != 0">
<kw name="Get Element Count" library="SeleniumLibrary">
<var>${present}</var>
<arg>${var}</arg>
<doc>Returns the number of elements matching ``locator``.</doc>
<msg timestamp="20220801 11:23:34.484" level="INFO">${present} = 0</msg>
<status status="PASS" starttime="20220801 11:23:34.472" endtime="20220801 11:23:34.484"/>
</kw>
<if>
<branch type="IF" condition="${present} != 0">
<kw name="Click Element" library="SeleniumLibrary">
<arg>${var}</arg>
<doc>Click the element identified by ``locator``.</doc>
<status status="NOT RUN" starttime="20220801 11:23:34.485" endtime="20220801 11:23:34.485"/>
</kw>
<kw name="Sleep" library="BuiltIn">
<arg>5sec</arg>
<doc>Pauses the test executed for the given time.</doc>
<status status="NOT RUN" starttime="20220801 11:23:34.485" endtime="20220801 11:23:34.485"/>
</kw>
<kw name="Get Element Count" library="SeleniumLibrary">
<var>${waits}</var>
<arg>//a[@class="_2qvLx _3osY2 _35pAC _1Vw3w _kC3e _32ILh _2L9kx _30q3D _1y_ge _3QJkO"]</arg>
<doc>Returns the number of elements matching ``locator``.</doc>
<status status="NOT RUN" starttime="20220801 11:23:34.486" endtime="20220801 11:23:34.486"/>
</kw>
<if>
<branch type="IF" condition="${waits} == 0">
<continue>
<status status="NOT RUN" starttime="20220801 11:23:34.486" endtime="20220801 11:23:34.486"/>
</continue>
<status status="NOT RUN" starttime="20220801 11:23:34.486" endtime="20220801 11:23:34.486"/>
</branch>
<status status="NOT RUN" starttime="20220801 11:23:34.486" endtime="20220801 11:23:34.486"/>
</if>
<if>
<branch type="IF" condition="${waits} != 0">
<kw name="Get Text" library="SeleniumLibrary">
<var>${number}</var>
<arg>//a[@class="_2qvLx _3osY2 _35pAC _1Vw3w _kC3e _32ILh _2L9kx _30q3D _1y_ge _3QJkO"]</arg>
<doc>Returns the text value of the element identified by ``locator``.</doc>
<status status="NOT RUN" starttime="20220801 11:23:34.486" endtime="20220801 11:23:34.487"/>
</kw>
<kw name="InsertNumbers">
<arg>${number}</arg>
<status status="NOT RUN" starttime="20220801 11:23:34.487" endtime="20220801 11:23:34.487"/>
</kw>
<kw name="Append To File" library="OperatingSystem">
<var>${str}</var>
<arg>C:\\Users\\admine\\Desktop\\python Bot\\links_numbers.txt</arg>
<arg>${number} :: ${Value}\n</arg>
<doc>Appends the given content to the specified file.</doc>
<status status="NOT RUN" starttime="20220801 11:23:34.487" endtime="20220801 11:23:34.487"/>
</kw>
<status status="NOT RUN" starttime="20220801 11:23:34.486" endtime="20220801 11:23:34.487"/>
</branch>
<status status="NOT RUN" starttime="20220801 11:23:34.486" endtime="20220801 11:23:34.487"/>
</if>
<status status="NOT RUN" starttime="20220801 11:23:34.485" endtime="20220801 11:23:34.487"/>
</branch>
<status status="PASS" starttime="20220801 11:23:34.484" endtime="20220801 11:23:34.488"/>
</if>
<if>
<branch type="IF" condition="${present} == 0">
<continue>
<status status="PASS" starttime="20220801 11:23:34.488" endtime="20220801 11:23:34.488"/>
</continue>
<status status="PASS" starttime="20220801 11:23:34.488" endtime="20220801 11:23:34.488"/>
</branch>
<status status="PASS" starttime="20220801 11:23:34.488" endtime="20220801 11:23:34.488"/>
</if>
<status status="PASS" starttime="20220801 11:23:34.472" endtime="20220801 11:23:34.488"/>
</branch>
<status status="PASS" starttime="20220801 11:23:34.472" endtime="20220801 11:23:34.488"/>
</if>
<if>
<branch type="IF" condition="${navbarExist} == 0">
<kw name="Log To Console" library="BuiltIn">
<arg>${Value}</arg>
<doc>Logs the given message to the console.</doc>
<status status="NOT RUN" starttime="20220801 11:23:34.489" endtime="20220801 11:23:34.489"/>
</kw>
<kw name="Append To File" library="OperatingSystem">
<var>${str}</var>
<arg>C:\\Users\\admine\\Desktop\\python Bot\\dernier_lien.txt</arg>
<arg>${Value}\n</arg>
<doc>Appends the given content to the specified file.</doc>
<status status="NOT RUN" starttime="20220801 11:23:34.489" endtime="20220801 11:23:34.489"/>
</kw>
<kw name="Close Browser" library="SeleniumLibrary">
<doc>Closes the current browser.</doc>
<status status="NOT RUN" starttime="20220801 11:23:34.489" endtime="20220801 11:23:34.489"/>
</kw>
<status status="NOT RUN" starttime="20220801 11:23:34.488" endtime="20220801 11:23:34.489"/>
</branch>
<status status="NOT RUN" starttime="20220801 11:23:34.488" endtime="20220801 11:23:34.490"/>
</if>
<status status="PASS" starttime="20220801 11:22:54.961" endtime="20220801 11:23:34.490"/>
</iter>
<iter>
<var name="${line}">https://www.leboncoin.fr/voitures/2197964909.htm</var>
<kw name="Get Variable Value" library="BuiltIn">
<var>${Value}</var>
<arg>${line}</arg>
<doc>Returns variable value or ``default`` if the variable does not exist.</doc>
<msg timestamp="20220801 11:23:34.491" level="INFO">${Value} = https://www.leboncoin.fr/voitures/2197964909.htm</msg>
<status status="PASS" starttime="20220801 11:23:34.490" endtime="20220801 11:23:34.491"/>
</kw>
<kw name="Go To" library="SeleniumLibrary">
<arg>${value}</arg>
<doc>Navigates the current browser window to the provided ``url``.</doc>
<msg timestamp="20220801 11:23:34.491" level="INFO">Opening url 'https://www.leboncoin.fr/voitures/2197964909.htm'</msg>
<status status="PASS" starttime="20220801 11:23:34.491" endtime="20220801 11:24:00.021"/>
</kw>
<kw name="Get Element Count" library="SeleniumLibrary">
<var>${navbarExist}</var>
<arg>${nav}</arg>
<doc>Returns the number of elements matching ``locator``.</doc>
<msg timestamp="20220801 11:24:00.034" level="INFO">${navbarExist} = 1</msg>
<status status="PASS" starttime="20220801 11:24:00.022" endtime="20220801 11:24:00.034"/>
</kw>
<if>
<branch type="IF" condition="${navbarExist} != 0">
<kw name="Get Element Count" library="SeleniumLibrary">
<var>${present}</var>
<arg>${var}</arg>
<doc>Returns the number of elements matching ``locator``.</doc>
<msg timestamp="20220801 11:24:00.045" level="INFO">${present} = 0</msg>
<status status="PASS" starttime="20220801 11:24:00.034" endtime="20220801 11:24:00.045"/>
</kw>
<if>
<branch type="IF" condition="${present} != 0">
<kw name="Click Element" library="SeleniumLibrary">
<arg>${var}</arg>
<doc>Click the element identified by ``locator``.</doc>
<status status="NOT RUN" starttime="20220801 11:24:00.046" endtime="20220801 11:24:00.046"/>
</kw>
<kw name="Sleep" library="BuiltIn">
<arg>5sec</arg>
<doc>Pauses the test executed for the given time.</doc>
<status status="NOT RUN" starttime="20220801 11:24:00.046" endtime="20220801 11:24:00.046"/>
</kw>
<kw name="Get Element Count" library="SeleniumLibrary">
<var>${waits}</var>
<arg>//a[@class="_2qvLx _3osY2 _35pAC _1Vw3w _kC3e _32ILh _2L9kx _30q3D _1y_ge _3QJkO"]</arg>
<doc>Returns the number of elements matching ``locator``.</doc>
<status status="NOT RUN" starttime="20220801 11:24:00.046" endtime="20220801 11:24:00.047"/>
</kw>
<if>
<branch type="IF" condition="${waits} == 0">
<continue>
<status status="NOT RUN" starttime="20220801 11:24:00.047" endtime="20220801 11:24:00.047"/>
</continue>
<status status="NOT RUN" starttime="20220801 11:24:00.047" endtime="20220801 11:24:00.047"/>
</branch>
<status status="NOT RUN" starttime="20220801 11:24:00.047" endtime="20220801 11:24:00.047"/>
</if>
<if>
<branch type="IF" condition="${waits} != 0">
<kw name="Get Text" library="SeleniumLibrary">
<var>${number}</var>
<arg>//a[@class="_2qvLx _3osY2 _35pAC _1Vw3w _kC3e _32ILh _2L9kx _30q3D _1y_ge _3QJkO"]</arg>
<doc>Returns the text value of the element identified by ``locator``.</doc>
<status status="NOT RUN" starttime="20220801 11:24:00.047" endtime="20220801 11:24:00.047"/>
</kw>
<kw name="InsertNumbers">
<arg>${number}</arg>
<status status="NOT RUN" starttime="20220801 11:24:00.048" endtime="20220801 11:24:00.048"/>
</kw>
<kw name="Append To File" library="OperatingSystem">
<var>${str}</var>
<arg>C:\\Users\\admine\\Desktop\\python Bot\\links_numbers.txt</arg>
<arg>${number} :: ${Value}\n</arg>
<doc>Appends the given content to the specified file.</doc>
<status status="NOT RUN" starttime="20220801 11:24:00.048" endtime="20220801 11:24:00.048"/>
</kw>
<status status="NOT RUN" starttime="20220801 11:24:00.047" endtime="20220801 11:24:00.048"/>
</branch>
<status status="NOT RUN" starttime="20220801 11:24:00.047" endtime="20220801 11:24:00.048"/>
</if>
<status status="NOT RUN" starttime="20220801 11:24:00.046" endtime="20220801 11:24:00.048"/>
</branch>
<status status="PASS" starttime="20220801 11:24:00.045" endtime="20220801 11:24:00.048"/>
</if>
<if>
<branch type="IF" condition="${present} == 0">
<continue>
<status status="PASS" starttime="20220801 11:24:00.049" endtime="20220801 11:24:00.049"/>
</continue>
<status status="PASS" starttime="20220801 11:24:00.049" endtime="20220801 11:24:00.049"/>
</branch>
<status status="PASS" starttime="20220801 11:24:00.048" endtime="20220801 11:24:00.049"/>
</if>
<status status="PASS" starttime="20220801 11:24:00.034" endtime="20220801 11:24:00.049"/>
</branch>
<status status="PASS" starttime="20220801 11:24:00.034" endtime="20220801 11:24:00.049"/>
</if>
<if>
<branch type="IF" condition="${navbarExist} == 0">
<kw name="Log To Console" library="BuiltIn">
<arg>${Value}</arg>
<doc>Logs the given message to the console.</doc>
<status status="NOT RUN" starttime="20220801 11:24:00.049" endtime="20220801 11:24:00.050"/>
</kw>
<kw name="Append To File" library="OperatingSystem">
<var>${str}</var>
<arg>C:\\Users\\admine\\Desktop\\python Bot\\dernier_lien.txt</arg>
<arg>${Value}\n</arg>
<doc>Appends the given content to the specified file.</doc>
<status status="NOT RUN" starttime="20220801 11:24:00.050" endtime="20220801 11:24:00.050"/>
</kw>
<kw name="Close Browser" library="SeleniumLibrary">
<doc>Closes the current browser.</doc>
<status status="NOT RUN" starttime="20220801 11:24:00.050" endtime="20220801 11:24:00.050"/>
</kw>
<status status="NOT RUN" starttime="20220801 11:24:00.049" endtime="20220801 11:24:00.050"/>
</branch>
<status status="NOT RUN" starttime="20220801 11:24:00.049" endtime="20220801 11:24:00.050"/>
</if>
<status status="PASS" starttime="20220801 11:23:34.490" endtime="20220801 11:24:00.050"/>
</iter>
<iter>
<var name="${line}">https://www.leboncoin.fr/voitures/2197964931.htm</var>
<kw name="Get Variable Value" library="BuiltIn">
<var>${Value}</var>
<arg>${line}</arg>
<doc>Returns variable value or ``default`` if the variable does not exist.</doc>
<msg timestamp="20220801 11:24:00.051" level="INFO">${Value} = https://www.leboncoin.fr/voitures/2197964931.htm</msg>
<status status="PASS" starttime="20220801 11:24:00.051" endtime="20220801 11:24:00.051"/>
</kw>
<kw name="Go To" library="SeleniumLibrary">
<arg>${value}</arg>
<doc>Navigates the current browser window to the provided ``url``.</doc>
<msg timestamp="20220801 11:24:00.052" level="INFO">Opening url 'https://www.leboncoin.fr/voitures/2197964931.htm'</msg>
<status status="PASS" starttime="20220801 11:24:00.052" endtime="20220801 11:24:19.171"/>
</kw>
<kw name="Get Element Count" library="SeleniumLibrary">
<var>${navbarExist}</var>
<arg>${nav}</arg>
<doc>Returns the number of elements matching ``locator``.</doc>
<msg timestamp="20220801 11:24:19.187" level="INFO">${navbarExist} = 1</msg>
<status status="PASS" starttime="20220801 11:24:19.171" endtime="20220801 11:24:19.187"/>
</kw>
<if>
<branch type="IF" condition="${navbarExist} != 0">
<kw name="Get Element Count" library="SeleniumLibrary">
<var>${present}</var>
<arg>${var}</arg>
<doc>Returns the number of elements matching ``locator``.</doc>
<msg timestamp="20220801 11:24:19.198" level="INFO">${present} = 0</msg>
<status status="PASS" starttime="20220801 11:24:19.187" endtime="20220801 11:24:19.198"/>
</kw>
<if>
<branch type="IF" condition="${present} != 0">
<kw name="Click Element" library="SeleniumLibrary">
<arg>${var}</arg>
<doc>Click the element identified by ``locator``.</doc>
<status status="NOT RUN" starttime="20220801 11:24:19.198" endtime="20220801 11:24:19.198"/>
</kw>
<kw name="Sleep" library="BuiltIn">
<arg>5sec</arg>
<doc>Pauses the test executed for the given time.</doc>
<status status="NOT RUN" starttime="20220801 11:24:19.199" endtime="20220801 11:24:19.199"/>
</kw>
<kw name="Get Element Count" library="SeleniumLibrary">
<var>${waits}</var>
<arg>//a[@class="_2qvLx _3osY2 _35pAC _1Vw3w _kC3e _32ILh _2L9kx _30q3D _1y_ge _3QJkO"]</arg>
<doc>Returns the number of elements matching ``locator``.</doc>
<status status="NOT RUN" starttime="20220801 11:24:19.199" endtime="20220801 11:24:19.199"/>
</kw>
<if>
<branch type="IF" condition="${waits} == 0">
<continue>
<status status="NOT RUN" starttime="20220801 11:24:19.199" endtime="20220801 11:24:19.199"/>
</continue>
<status status="NOT RUN" starttime="20220801 11:24:19.199" endtime="20220801 11:24:19.200"/>
</branch>
<status status="NOT RUN" starttime="20220801 11:24:19.199" endtime="20220801 11:24:19.200"/>
</if>
<if>
<branch type="IF" condition="${waits} != 0">
<kw name="Get Text" library="SeleniumLibrary">
<var>${number}</var>
<arg>//a[@class="_2qvLx _3osY2 _35pAC _1Vw3w _kC3e _32ILh _2L9kx _30q3D _1y_ge _3QJkO"]</arg>
<doc>Returns the text value of the element identified by ``locator``.</doc>
<status status="NOT RUN" starttime="20220801 11:24:19.200" endtime="20220801 11:24:19.200"/>
</kw>
<kw name="InsertNumbers">
<arg>${number}</arg>
<status status="NOT RUN" starttime="20220801 11:24:19.200" endtime="20220801 11:24:19.200"/>
</kw>
<kw name="Append To File" library="OperatingSystem">
<var>${str}</var>
<arg>C:\\Users\\admine\\Desktop\\python Bot\\links_numbers.txt</arg>
<arg>${number} :: ${Value}\n</arg>
<doc>Appends the given content to the specified file.</doc>
<status status="NOT RUN" starttime="20220801 11:24:19.201" endtime="20220801 11:24:19.201"/>
</kw>
<status status="NOT RUN" starttime="20220801 11:24:19.200" endtime="20220801 11:24:19.201"/>
</branch>
<status status="NOT RUN" starttime="20220801 11:24:19.200" endtime="20220801 11:24:19.201"/>
</if>
<status status="NOT RUN" starttime="20220801 11:24:19.198" endtime="20220801 11:24:19.201"/>
</branch>
<status status="PASS" starttime="20220801 11:24:19.198" endtime="20220801 11:24:19.201"/>
</if>
<if>
<branch type="IF" condition="${present} == 0">
<continue>
<status status="PASS" starttime="20220801 11:24:19.201" endtime="20220801 11:24:19.202"/>
</continue>
<status status="PASS" starttime="20220801 11:24:19.201" endtime="20220801 11:24:19.202"/>
</branch>
<status status="PASS" starttime="20220801 11:24:19.201" endtime="20220801 11:24:19.202"/>
</if>
<status status="PASS" starttime="20220801 11:24:19.187" endtime="20220801 11:24:19.202"/>
</branch>
<status status="PASS" starttime="20220801 11:24:19.187" endtime="20220801 11:24:19.202"/>
</if>
<if>
<branch type="IF" condition="${navbarExist} == 0">
<kw name="Log To Console" library="BuiltIn">
<arg>${Value}</arg>
<doc>Logs the given message to the console.</doc>
<status status="NOT RUN" starttime="20220801 11:24:19.202" endtime="20220801 11:24:19.202"/>
</kw>
<kw name="Append To File" library="OperatingSystem">
<var>${str}</var>
<arg>C:\\Users\\admine\\Desktop\\python Bot\\dernier_lien.txt</arg>
<arg>${Value}\n</arg>
<doc>Appends the given content to the specified file.</doc>
<status status="NOT RUN" starttime="20220801 11:24:19.202" endtime="20220801 11:24:19.203"/>
</kw>
<kw name="Close Browser" library="SeleniumLibrary">
<doc>Closes the current browser.</doc>
<status status="NOT RUN" starttime="20220801 11:24:19.203" endtime="20220801 11:24:19.203"/>
</kw>
<status status="NOT RUN" starttime="20220801 11:24:19.202" endtime="20220801 11:24:19.203"/>
</branch>
<status status="NOT RUN" starttime="20220801 11:24:19.202" endtime="20220801 11:24:19.203"/>
</if>
<status status="PASS" starttime="20220801 11:24:00.051" endtime="20220801 11:24:19.203"/>
</iter>
<iter>
<var name="${line}">https://www.leboncoin.fr/voitures/2197964968.htm</var>
<kw name="Get Variable Value" library="BuiltIn">
<var>${Value}</var>
<arg>${line}</arg>
<doc>Returns variable value or ``default`` if the variable does not exist.</doc>
<msg timestamp="20220801 11:24:19.204" level="INFO">${Value} = https://www.leboncoin.fr/voitures/2197964968.htm</msg>
<status status="PASS" starttime="20220801 11:24:19.204" endtime="20220801 11:24:19.204"/>
</kw>
<kw name="Go To" library="SeleniumLibrary">
<arg>${value}</arg>
<doc>Navigates the current browser window to the provided ``url``.</doc>
<msg timestamp="20220801 11:24:19.205" level="INFO">Opening url 'https://www.leboncoin.fr/voitures/2197964968.htm'</msg>
<status status="PASS" starttime="20220801 11:24:19.204" endtime="20220801 11:24:32.982"/>
</kw>
<kw name="Get Element Count" library="SeleniumLibrary">
<var>${navbarExist}</var>
<arg>${nav}</arg>
<doc>Returns the number of elements matching ``locator``.</doc>
<msg timestamp="20220801 11:24:33.011" level="INFO">${navbarExist} = 1</msg>
<status status="PASS" starttime="20220801 11:24:32.983" endtime="20220801 11:24:33.012"/>
</kw>
<if>
<branch type="IF" condition="${navbarExist} != 0">
<kw name="Get Element Count" library="SeleniumLibrary">
<var>${present}</var>
<arg>${var}</arg>
<doc>Returns the number of elements matching ``locator``.</doc>
<msg timestamp="20220801 11:24:33.028" level="INFO">${present} = 0</msg>
<status status="PASS" starttime="20220801 11:24:33.013" endtime="20220801 11:24:33.028"/>
</kw>
<if>
<branch type="IF" condition="${present} != 0">
<kw name="Click Element" library="SeleniumLibrary">
<arg>${var}</arg>
<doc>Click the element identified by ``locator``.</doc>
<status status="NOT RUN" starttime="20220801 11:24:33.028" endtime="20220801 11:24:33.028"/>
</kw>
<kw name="Sleep" library="BuiltIn">
<arg>5sec</arg>
<doc>Pauses the test executed for the given time.</doc>
<status status="NOT RUN" starttime="20220801 11:24:33.029" endtime="20220801 11:24:33.029"/>
</kw>
<kw name="Get Element Count" library="SeleniumLibrary">
<var>${waits}</var>
<arg>//a[@class="_2qvLx _3osY2 _35pAC _1Vw3w _kC3e _32ILh _2L9kx _30q3D _1y_ge _3QJkO"]</arg>
<doc>Returns the number of elements matching ``locator``.</doc>
<status status="NOT RUN" starttime="20220801 11:24:33.029" endtime="20220801 11:24:33.029"/>
</kw>
<if>
<branch type="IF" condition="${waits} == 0">
<continue>
<status status="NOT RUN" starttime="20220801 11:24:33.029" endtime="20220801 11:24:33.029"/>
</continue>
<status status="NOT RUN" starttime="20220801 11:24:33.029" endtime="20220801 11:24:33.030"/>
</branch>
<status status="NOT RUN" starttime="20220801 11:24:33.029" endtime="20220801 11:24:33.030"/>
</if>
<if>
<branch type="IF" condition="${waits} != 0">
<kw name="Get Text" library="SeleniumLibrary">
<var>${number}</var>
<arg>//a[@class="_2qvLx _3osY2 _35pAC _1Vw3w _kC3e _32ILh _2L9kx _30q3D _1y_ge _3QJkO"]</arg>
<doc>Returns the text value of the element identified by ``locator``.</doc>
<status status="NOT RUN" starttime="20220801 11:24:33.030" endtime="20220801 11:24:33.030"/>
</kw>
<kw name="InsertNumbers">
<arg>${number}</arg>
<status status="NOT RUN" starttime="20220801 11:24:33.030" endtime="20220801 11:24:33.030"/>
</kw>
<kw name="Append To File" library="OperatingSystem">
<var>${str}</var>
<arg>C:\\Users\\admine\\Desktop\\python Bot\\links_numbers.txt</arg>
<arg>${number} :: ${Value}\n</arg>
<doc>Appends the given content to the specified file.</doc>
<status status="NOT RUN" starttime="20220801 11:24:33.031" endtime="20220801 11:24:33.031"/>
</kw>
<status status="NOT RUN" starttime="20220801 11:24:33.030" endtime="20220801 11:24:33.031"/>
</branch>
<status status="NOT RUN" starttime="20220801 11:24:33.030" endtime="20220801 11:24:33.031"/>
</if>
<status status="NOT RUN" starttime="20220801 11:24:33.028" endtime="20220801 11:24:33.031"/>
</branch>
<status status="PASS" starttime="20220801 11:24:33.028" endtime="20220801 11:24:33.031"/>
</if>
<if>
<branch type="IF" condition="${present} == 0">
<continue>
<status status="PASS" starttime="20220801 11:24:33.032" endtime="20220801 11:24:33.032"/>
</continue>
<status status="PASS" starttime="20220801 11:24:33.032" endtime="20220801 11:24:33.032"/>
</branch>
<status status="PASS" starttime="20220801 11:24:33.031" endtime="20220801 11:24:33.032"/>
</if>
<status status="PASS" starttime="20220801 11:24:33.013" endtime="20220801 11:24:33.032"/>
</branch>
<status status="PASS" starttime="20220801 11:24:33.012" endtime="20220801 11:24:33.032"/>
</if>
<if>
<branch type="IF" condition="${navbarExist} == 0">
<kw name="Log To Console" library="BuiltIn">
<arg>${Value}</arg>
<doc>Logs the given message to the console.</doc>
<status status="NOT RUN" starttime="20220801 11:24:33.033" endtime="20220801 11:24:33.033"/>
</kw>
<kw name="Append To File" library="OperatingSystem">
<var>${str}</var>
<arg>C:\\Users\\admine\\Desktop\\python Bot\\dernier_lien.txt</arg>
<arg>${Value}\n</arg>
<doc>Appends the given content to the specified file.</doc>
<status status="NOT RUN" starttime="20220801 11:24:33.033" endtime="20220801 11:24:33.033"/>
</kw>
<kw name="Close Browser" library="SeleniumLibrary">
<doc>Closes the current browser.</doc>
<status status="NOT RUN" starttime="20220801 11:24:33.034" endtime="20220801 11:24:33.034"/>
</kw>
<status status="NOT RUN" starttime="20220801 11:24:33.033" endtime="20220801 11:24:33.034"/>
</branch>
<status status="NOT RUN" starttime="20220801 11:24:33.033" endtime="20220801 11:24:33.034"/>
</if>
<status status="PASS" starttime="20220801 11:24:19.203" endtime="20220801 11:24:33.034"/>
</iter>
<iter>
<var name="${line}">https://www.leboncoin.fr/voitures/2197965058.htm</var>
<kw name="Get Variable Value" library="BuiltIn">
<var>${Value}</var>
<arg>${line}</arg>
<doc>Returns variable value or ``default`` if the variable does not exist.</doc>
<msg timestamp="20220801 11:24:33.035" level="INFO">${Value} = https://www.leboncoin.fr/voitures/2197965058.htm</msg>
<status status="PASS" starttime="20220801 11:24:33.034" endtime="20220801 11:24:33.035"/>
</kw>
<kw name="Go To" library="SeleniumLibrary">
<arg>${value}</arg>
<doc>Navigates the current browser window to the provided ``url``.</doc>
<msg timestamp="20220801 11:24:33.036" level="INFO">Opening url 'https://www.leboncoin.fr/voitures/2197965058.htm'</msg>
<status status="PASS" starttime="20220801 11:24:33.036" endtime="20220801 11:25:01.528"/>
</kw>
<kw name="Get Element Count" library="SeleniumLibrary">
<var>${navbarExist}</var>
<arg>${nav}</arg>
<doc>Returns the number of elements matching ``locator``.</doc>
<msg timestamp="20220801 11:25:01.543" level="INFO">${navbarExist} = 1</msg>
<status status="PASS" starttime="20220801 11:25:01.528" endtime="20220801 11:25:01.543"/>
</kw>
<if>
<branch type="IF" condition="${navbarExist} != 0">
<kw name="Get Element Count" library="SeleniumLibrary">
<var>${present}</var>
<arg>${var}</arg>
<doc>Returns the number of elements matching ``locator``.</doc>
<msg timestamp="20220801 11:25:01.562" level="INFO">${present} = 0</msg>
<status status="PASS" starttime="20220801 11:25:01.543" endtime="20220801 11:25:01.562"/>
</kw>
<if>
<branch type="IF" condition="${present} != 0">
<kw name="Click Element" library="SeleniumLibrary">
<arg>${var}</arg>
<doc>Click the element identified by ``locator``.</doc>
<status status="NOT RUN" starttime="20220801 11:25:01.563" endtime="20220801 11:25:01.563"/>
</kw>
<kw name="Sleep" library="BuiltIn">
<arg>5sec</arg>
<doc>Pauses the test executed for the given time.</doc>
<status status="NOT RUN" starttime="20220801 11:25:01.563" endtime="20220801 11:25:01.563"/>
</kw>
<kw name="Get Element Count" library="SeleniumLibrary">
<var>${waits}</var>
<arg>//a[@class="_2qvLx _3osY2 _35pAC _1Vw3w _kC3e _32ILh _2L9kx _30q3D _1y_ge _3QJkO"]</arg>
<doc>Returns the number of elements matching ``locator``.</doc>
<status status="NOT RUN" starttime="20220801 11:25:01.564" endtime="20220801 11:25:01.564"/>
</kw>
<if>
<branch type="IF" condition="${waits} == 0">
<continue>
<status status="NOT RUN" starttime="20220801 11:25:01.564" endtime="20220801 11:25:01.564"/>
</continue>
<status status="NOT RUN" starttime="20220801 11:25:01.564" endtime="20220801 11:25:01.564"/>
</branch>
<status status="NOT RUN" starttime="20220801 11:25:01.564" endtime="20220801 11:25:01.564"/>
</if>
<if>
<branch type="IF" condition="${waits} != 0">
<kw name="Get Text" library="SeleniumLibrary">
<var>${number}</var>
<arg>//a[@class="_2qvLx _3osY2 _35pAC _1Vw3w _kC3e _32ILh _2L9kx _30q3D _1y_ge _3QJkO"]</arg>
<doc>Returns the text value of the element identified by ``locator``.</doc>
<status status="NOT RUN" starttime="20220801 11:25:01.565" endtime="20220801 11:25:01.565"/>
</kw>
<kw name="InsertNumbers">
<arg>${number}</arg>
<status status="NOT RUN" starttime="20220801 11:25:01.565" endtime="20220801 11:25:01.565"/>
</kw>
<kw name="Append To File" library="OperatingSystem">
<var>${str}</var>
<arg>C:\\Users\\admine\\Desktop\\python Bot\\links_numbers.txt</arg>
<arg>${number} :: ${Value}\n</arg>
<doc>Appends the given content to the specified file.</doc>
<status status="NOT RUN" starttime="20220801 11:25:01.565" endtime="20220801 11:25:01.565"/>
</kw>
<status status="NOT RUN" starttime="20220801 11:25:01.564" endtime="20220801 11:25:01.565"/>
</branch>
<status status="NOT RUN" starttime="20220801 11:25:01.564" endtime="20220801 11:25:01.565"/>
</if>
<status status="NOT RUN" starttime="20220801 11:25:01.563" endtime="20220801 11:25:01.565"/>
</branch>
<status status="PASS" starttime="20220801 11:25:01.562" endtime="20220801 11:25:01.566"/>
</if>
<if>
<branch type="IF" condition="${present} == 0">
<continue>
<status status="PASS" starttime="20220801 11:25:01.566" endtime="20220801 11:25:01.566"/>
</continue>
<status status="PASS" starttime="20220801 11:25:01.566" endtime="20220801 11:25:01.566"/>
</branch>
<status status="PASS" starttime="20220801 11:25:01.566" endtime="20220801 11:25:01.566"/>
</if>
<status status="PASS" starttime="20220801 11:25:01.543" endtime="20220801 11:25:01.566"/>
</branch>
<status status="PASS" starttime="20220801 11:25:01.543" endtime="20220801 11:25:01.566"/>
</if>
<if>
<branch type="IF" condition="${navbarExist} == 0">
<kw name="Log To Console" library="BuiltIn">
<arg>${Value}</arg>
<doc>Logs the given message to the console.</doc>
<status status="NOT RUN" starttime="20220801 11:25:01.567" endtime="20220801 11:25:01.567"/>
</kw>
<kw name="Append To File" library="OperatingSystem">
<var>${str}</var>
<arg>C:\\Users\\admine\\Desktop\\python Bot\\dernier_lien.txt</arg>
<arg>${Value}\n</arg>
<doc>Appends the given content to the specified file.</doc>
<status status="NOT RUN" starttime="20220801 11:25:01.567" endtime="20220801 11:25:01.567"/>
</kw>
<kw name="Close Browser" library="SeleniumLibrary">
<doc>Closes the current browser.</doc>
<status status="NOT RUN" starttime="20220801 11:25:01.567" endtime="20220801 11:25:01.567"/>
</kw>
<status status="NOT RUN" starttime="20220801 11:25:01.567" endtime="20220801 11:25:01.567"/>
</branch>
<status status="NOT RUN" starttime="20220801 11:25:01.566" endtime="20220801 11:25:01.568"/>
</if>
<status status="PASS" starttime="20220801 11:24:33.034" endtime="20220801 11:25:01.568"/>
</iter>
<iter>
<var name="${line}">https://www.leboncoin.fr/voitures/2197965089.htm</var>
<kw name="Get Variable Value" library="BuiltIn">
<var>${Value}</var>
<arg>${line}</arg>
<doc>Returns variable value or ``default`` if the variable does not exist.</doc>
<msg timestamp="20220801 11:25:01.569" level="INFO">${Value} = https://www.leboncoin.fr/voitures/2197965089.htm</msg>
<status status="PASS" starttime="20220801 11:25:01.568" endtime="20220801 11:25:01.569"/>
</kw>
<kw name="Go To" library="SeleniumLibrary">
<arg>${value}</arg>
<doc>Navigates the current browser window to the provided ``url``.</doc>
<msg timestamp="20220801 11:25:01.569" level="INFO">Opening url 'https://www.leboncoin.fr/voitures/2197965089.htm'</msg>
<status status="PASS" starttime="20220801 11:25:01.569" endtime="20220801 11:25:24.254"/>
</kw>
<kw name="Get Element Count" library="SeleniumLibrary">
<var>${navbarExist}</var>
<arg>${nav}</arg>
<doc>Returns the number of elements matching ``locator``.</doc>
<msg timestamp="20220801 11:25:24.280" level="INFO">${navbarExist} = 1</msg>
<status status="PASS" starttime="20220801 11:25:24.255" endtime="20220801 11:25:24.280"/>
</kw>
<if>
<branch type="IF" condition="${navbarExist} != 0">
<kw name="Get Element Count" library="SeleniumLibrary">
<var>${present}</var>
<arg>${var}</arg>
<doc>Returns the number of elements matching ``locator``.</doc>
<msg timestamp="20220801 11:25:24.306" level="INFO">${present} = 0</msg>
<status status="PASS" starttime="20220801 11:25:24.280" endtime="20220801 11:25:24.306"/>
</kw>
<if>
<branch type="IF" condition="${present} != 0">
<kw name="Click Element" library="SeleniumLibrary">
<arg>${var}</arg>
<doc>Click the element identified by ``locator``.</doc>
<status status="NOT RUN" starttime="20220801 11:25:24.306" endtime="20220801 11:25:24.307"/>
</kw>
<kw name="Sleep" library="BuiltIn">
<arg>5sec</arg>
<doc>Pauses the test executed for the given time.</doc>
<status status="NOT RUN" starttime="20220801 11:25:24.307" endtime="20220801 11:25:24.307"/>
</kw>
<kw name="Get Element Count" library="SeleniumLibrary">
<var>${waits}</var>
<arg>//a[@class="_2qvLx _3osY2 _35pAC _1Vw3w _kC3e _32ILh _2L9kx _30q3D _1y_ge _3QJkO"]</arg>
<doc>Returns the number of elements matching ``locator``.</doc>
<status status="NOT RUN" starttime="20220801 11:25:24.307" endtime="20220801 11:25:24.307"/>
</kw>
<if>
<branch type="IF" condition="${waits} == 0">
<continue>
<status status="NOT RUN" starttime="20220801 11:25:24.307" endtime="20220801 11:25:24.307"/>
</continue>
<status status="NOT RUN" starttime="20220801 11:25:24.307" endtime="20220801 11:25:24.308"/>
</branch>
<status status="NOT RUN" starttime="20220801 11:25:24.307" endtime="20220801 11:25:24.308"/>
</if>
<if>
<branch type="IF" condition="${waits} != 0">
<kw name="Get Text" library="SeleniumLibrary">
<var>${number}</var>
<arg>//a[@class="_2qvLx _3osY2 _35pAC _1Vw3w _kC3e _32ILh _2L9kx _30q3D _1y_ge _3QJkO"]</arg>
<doc>Returns the text value of the element identified by ``locator``.</doc>
<status status="NOT RUN" starttime="20220801 11:25:24.308" endtime="20220801 11:25:24.308"/>
</kw>
<kw name="InsertNumbers">
<arg>${number}</arg>
<status status="NOT RUN" starttime="20220801 11:25:24.308" endtime="20220801 11:25:24.308"/>
</kw>
<kw name="Append To File" library="OperatingSystem">
<var>${str}</var>
<arg>C:\\Users\\admine\\Desktop\\python Bot\\links_numbers.txt</arg>
<arg>${number} :: ${Value}\n</arg>
<doc>Appends the given content to the specified file.</doc>
<status status="NOT RUN" starttime="20220801 11:25:24.309" endtime="20220801 11:25:24.309"/>
</kw>
<status status="NOT RUN" starttime="20220801 11:25:24.308" endtime="20220801 11:25:24.309"/>
</branch>
<status status="NOT RUN" starttime="20220801 11:25:24.308" endtime="20220801 11:25:24.309"/>
</if>
<status status="NOT RUN" starttime="20220801 11:25:24.306" endtime="20220801 11:25:24.309"/>
</branch>
<status status="PASS" starttime="20220801 11:25:24.306" endtime="20220801 11:25:24.309"/>
</if>
<if>
<branch type="IF" condition="${present} == 0">
<continue>
<status status="PASS" starttime="20220801 11:25:24.309" endtime="20220801 11:25:24.309"/>
</continue>
<status status="PASS" starttime="20220801 11:25:24.309" endtime="20220801 11:25:24.310"/>
</branch>
<status status="PASS" starttime="20220801 11:25:24.309" endtime="20220801 11:25:24.310"/>
</if>
<status status="PASS" starttime="20220801 11:25:24.280" endtime="20220801 11:25:24.310"/>
</branch>
<status status="PASS" starttime="20220801 11:25:24.280" endtime="20220801 11:25:24.310"/>
</if>
<if>
<branch type="IF" condition="${navbarExist} == 0">
<kw name="Log To Console" library="BuiltIn">
<arg>${Value}</arg>
<doc>Logs the given message to the console.</doc>
<status status="NOT RUN" starttime="20220801 11:25:24.310" endtime="20220801 11:25:24.310"/>
</kw>
<kw name="Append To File" library="OperatingSystem">
<var>${str}</var>
<arg>C:\\Users\\admine\\Desktop\\python Bot\\dernier_lien.txt</arg>
<arg>${Value}\n</arg>
<doc>Appends the given content to the specified file.</doc>
<status status="NOT RUN" starttime="20220801 11:25:24.311" endtime="20220801 11:25:24.311"/>
</kw>
<kw name="Close Browser" library="SeleniumLibrary">
<doc>Closes the current browser.</doc>
<status status="NOT RUN" starttime="20220801 11:25:24.311" endtime="20220801 11:25:24.311"/>
</kw>
<status status="NOT RUN" starttime="20220801 11:25:24.310" endtime="20220801 11:25:24.311"/>
</branch>
<status status="NOT RUN" starttime="20220801 11:25:24.310" endtime="20220801 11:25:24.311"/>
</if>
<status status="PASS" starttime="20220801 11:25:01.568" endtime="20220801 11:25:24.311"/>
</iter>
<iter>
<var name="${line}">https://www.leboncoin.fr/voitures/2197965117.htm</var>
<kw name="Get Variable Value" library="BuiltIn">
<var>${Value}</var>
<arg>${line}</arg>
<doc>Returns variable value or ``default`` if the variable does not exist.</doc>
<msg timestamp="20220801 11:25:24.314" level="INFO">${Value} = https://www.leboncoin.fr/voitures/2197965117.htm</msg>
<status status="PASS" starttime="20220801 11:25:24.311" endtime="20220801 11:25:24.314"/>
</kw>
<kw name="Go To" library="SeleniumLibrary">
<arg>${value}</arg>
<doc>Navigates the current browser window to the provided ``url``.</doc>
<msg timestamp="20220801 11:25:24.314" level="INFO">Opening url 'https://www.leboncoin.fr/voitures/2197965117.htm'</msg>
<status status="PASS" starttime="20220801 11:25:24.314" endtime="20220801 11:25:43.145"/>
</kw>
<kw name="Get Element Count" library="SeleniumLibrary">
<var>${navbarExist}</var>
<arg>${nav}</arg>
<doc>Returns the number of elements matching ``locator``.</doc>
<msg timestamp="20220801 11:25:43.162" level="INFO">${navbarExist} = 1</msg>
<status status="PASS" starttime="20220801 11:25:43.145" endtime="20220801 11:25:43.162"/>
</kw>
<if>
<branch type="IF" condition="${navbarExist} != 0">
<kw name="Get Element Count" library="SeleniumLibrary">
<var>${present}</var>
<arg>${var}</arg>
<doc>Returns the number of elements matching ``locator``.</doc>
<msg timestamp="20220801 11:25:43.175" level="INFO">${present} = 0</msg>
<status status="PASS" starttime="20220801 11:25:43.163" endtime="20220801 11:25:43.176"/>
</kw>
<if>
<branch type="IF" condition="${present} != 0">
<kw name="Click Element" library="SeleniumLibrary">
<arg>${var}</arg>
<doc>Click the element identified by ``locator``.</doc>
<status status="NOT RUN" starttime="20220801 11:25:43.176" endtime="20220801 11:25:43.177"/>
</kw>
<kw name="Sleep" library="BuiltIn">
<arg>5sec</arg>
<doc>Pauses the test executed for the given time.</doc>
<status status="NOT RUN" starttime="20220801 11:25:43.177" endtime="20220801 11:25:43.177"/>
</kw>
<kw name="Get Element Count" library="SeleniumLibrary">
<var>${waits}</var>
<arg>//a[@class="_2qvLx _3osY2 _35pAC _1Vw3w _kC3e _32ILh _2L9kx _30q3D _1y_ge _3QJkO"]</arg>
<doc>Returns the number of elements matching ``locator``.</doc>
<status status="NOT RUN" starttime="20220801 11:25:43.177" endtime="20220801 11:25:43.177"/>
</kw>
<if>
<branch type="IF" condition="${waits} == 0">
<continue>
<status status="NOT RUN" starttime="20220801 11:25:43.178" endtime="20220801 11:25:43.178"/>
</continue>
<status status="NOT RUN" starttime="20220801 11:25:43.178" endtime="20220801 11:25:43.178"/>
</branch>
<status status="NOT RUN" starttime="20220801 11:25:43.178" endtime="20220801 11:25:43.178"/>
</if>
<if>
<branch type="IF" condition="${waits} != 0">
<kw name="Get Text" library="SeleniumLibrary">
<var>${number}</var>
<arg>//a[@class="_2qvLx _3osY2 _35pAC _1Vw3w _kC3e _32ILh _2L9kx _30q3D _1y_ge _3QJkO"]</arg>
<doc>Returns the text value of the element identified by ``locator``.</doc>
<status status="NOT RUN" starttime="20220801 11:25:43.178" endtime="20220801 11:25:43.179"/>
</kw>
<kw name="InsertNumbers">
<arg>${number}</arg>
<status status="NOT RUN" starttime="20220801 11:25:43.179" endtime="20220801 11:25:43.179"/>
</kw>
<kw name="Append To File" library="OperatingSystem">
<var>${str}</var>
<arg>C:\\Users\\admine\\Desktop\\python Bot\\links_numbers.txt</arg>
<arg>${number} :: ${Value}\n</arg>
<doc>Appends the given content to the specified file.</doc>
<status status="NOT RUN" starttime="20220801 11:25:43.179" endtime="20220801 11:25:43.179"/>
</kw>
<status status="NOT RUN" starttime="20220801 11:25:43.178" endtime="20220801 11:25:43.180"/>
</branch>
<status status="NOT RUN" starttime="20220801 11:25:43.178" endtime="20220801 11:25:43.180"/>
</if>
<status status="NOT RUN" starttime="20220801 11:25:43.176" endtime="20220801 11:25:43.180"/>
</branch>
<status status="PASS" starttime="20220801 11:25:43.176" endtime="20220801 11:25:43.180"/>
</if>
<if>
<branch type="IF" condition="${present} == 0">
<continue>
<status status="PASS" starttime="20220801 11:25:43.180" endtime="20220801 11:25:43.181"/>
</continue>
<status status="PASS" starttime="20220801 11:25:43.180" endtime="20220801 11:25:43.181"/>
</branch>
<status status="PASS" starttime="20220801 11:25:43.180" endtime="20220801 11:25:43.181"/>
</if>
<status status="PASS" starttime="20220801 11:25:43.162" endtime="20220801 11:25:43.181"/>
</branch>
<status status="PASS" starttime="20220801 11:25:43.162" endtime="20220801 11:25:43.181"/>
</if>
<if>
<branch type="IF" condition="${navbarExist} == 0">
<kw name="Log To Console" library="BuiltIn">
<arg>${Value}</arg>
<doc>Logs the given message to the console.</doc>
<status status="NOT RUN" starttime="20220801 11:25:43.182" endtime="20220801 11:25:43.182"/>
</kw>
<kw name="Append To File" library="OperatingSystem">
<var>${str}</var>
<arg>C:\\Users\\admine\\Desktop\\python Bot\\dernier_lien.txt</arg>
<arg>${Value}\n</arg>
<doc>Appends the given content to the specified file.</doc>
<status status="NOT RUN" starttime="20220801 11:25:43.182" endtime="20220801 11:25:43.182"/>
</kw>
<kw name="Close Browser" library="SeleniumLibrary">
<doc>Closes the current browser.</doc>
<status status="NOT RUN" starttime="20220801 11:25:43.182" endtime="20220801 11:25:43.183"/>
</kw>
<status status="NOT RUN" starttime="20220801 11:25:43.181" endtime="20220801 11:25:43.183"/>
</branch>
<status status="NOT RUN" starttime="20220801 11:25:43.181" endtime="20220801 11:25:43.183"/>
</if>
<status status="PASS" starttime="20220801 11:25:24.311" endtime="20220801 11:25:43.183"/>
</iter>
<iter>
<var name="${line}">https://www.leboncoin.fr/voitures/2197965127.htm</var>
<kw name="Get Variable Value" library="BuiltIn">
<var>${Value}</var>
<arg>${line}</arg>
<doc>Returns variable value or ``default`` if the variable does not exist.</doc>
<msg timestamp="20220801 11:25:43.184" level="INFO">${Value} = https://www.leboncoin.fr/voitures/2197965127.htm</msg>
<status status="PASS" starttime="20220801 11:25:43.183" endtime="20220801 11:25:43.184"/>
</kw>
<kw name="Go To" library="SeleniumLibrary">
<arg>${value}</arg>
<doc>Navigates the current browser window to the provided ``url``.</doc>
<msg timestamp="20220801 11:25:43.185" level="INFO">Opening url 'https://www.leboncoin.fr/voitures/2197965127.htm'</msg>
<status status="PASS" starttime="20220801 11:25:43.185" endtime="20220801 11:26:00.252"/>
</kw>
<kw name="Get Element Count" library="SeleniumLibrary">
<var>${navbarExist}</var>
<arg>${nav}</arg>
<doc>Returns the number of elements matching ``locator``.</doc>
<msg timestamp="20220801 11:26:00.282" level="INFO">${navbarExist} = 1</msg>
<status status="PASS" starttime="20220801 11:26:00.253" endtime="20220801 11:26:00.282"/>
</kw>
<if>
<branch type="IF" condition="${navbarExist} != 0">
<kw name="Get Element Count" library="SeleniumLibrary">
<var>${present}</var>
<arg>${var}</arg>
<doc>Returns the number of elements matching ``locator``.</doc>
<msg timestamp="20220801 11:26:00.302" level="INFO">${present} = 0</msg>
<status status="PASS" starttime="20220801 11:26:00.283" endtime="20220801 11:26:00.302"/>
</kw>
<if>
<branch type="IF" condition="${present} != 0">
<kw name="Click Element" library="SeleniumLibrary">
<arg>${var}</arg>
<doc>Click the element identified by ``locator``.</doc>
<status status="NOT RUN" starttime="20220801 11:26:00.303" endtime="20220801 11:26:00.303"/>
</kw>
<kw name="Sleep" library="BuiltIn">
<arg>5sec</arg>
<doc>Pauses the test executed for the given time.</doc>
<status status="NOT RUN" starttime="20220801 11:26:00.303" endtime="20220801 11:26:00.303"/>
</kw>
<kw name="Get Element Count" library="SeleniumLibrary">
<var>${waits}</var>
<arg>//a[@class="_2qvLx _3osY2 _35pAC _1Vw3w _kC3e _32ILh _2L9kx _30q3D _1y_ge _3QJkO"]</arg>
<doc>Returns the number of elements matching ``locator``.</doc>
<status status="NOT RUN" starttime="20220801 11:26:00.303" endtime="20220801 11:26:00.303"/>
</kw>
<if>
<branch type="IF" condition="${waits} == 0">
<continue>
<status status="NOT RUN" starttime="20220801 11:26:00.303" endtime="20220801 11:26:00.303"/>
</continue>
<status status="NOT RUN" starttime="20220801 11:26:00.303" endtime="20220801 11:26:00.303"/>
</branch>
<status status="NOT RUN" starttime="20220801 11:26:00.303" endtime="20220801 11:26:00.303"/>
</if>
<if>
<branch type="IF" condition="${waits} != 0">
<kw name="Get Text" library="SeleniumLibrary">
<var>${number}</var>
<arg>//a[@class="_2qvLx _3osY2 _35pAC _1Vw3w _kC3e _32ILh _2L9kx _30q3D _1y_ge _3QJkO"]</arg>
<doc>Returns the text value of the element identified by ``locator``.</doc>
<status status="NOT RUN" starttime="20220801 11:26:00.303" endtime="20220801 11:26:00.303"/>
</kw>
<kw name="InsertNumbers">
<arg>${number}</arg>
<status status="NOT RUN" starttime="20220801 11:26:00.305" endtime="20220801 11:26:00.305"/>
</kw>
<kw name="Append To File" library="OperatingSystem">
<var>${str}</var>
<arg>C:\\Users\\admine\\Desktop\\python Bot\\links_numbers.txt</arg>
<arg>${number} :: ${Value}\n</arg>
<doc>Appends the given content to the specified file.</doc>
<status status="NOT RUN" starttime="20220801 11:26:00.305" endtime="20220801 11:26:00.305"/>
</kw>
<status status="NOT RUN" starttime="20220801 11:26:00.303" endtime="20220801 11:26:00.305"/>
</branch>
<status status="NOT RUN" starttime="20220801 11:26:00.303" endtime="20220801 11:26:00.305"/>
</if>
<status status="NOT RUN" starttime="20220801 11:26:00.303" endtime="20220801 11:26:00.305"/>
</branch>
<status status="PASS" starttime="20220801 11:26:00.302" endtime="20220801 11:26:00.305"/>
</if>
<if>
<branch type="IF" condition="${present} == 0">
<continue>
<status status="PASS" starttime="20220801 11:26:00.308" endtime="20220801 11:26:00.308"/>
</continue>
<status status="PASS" starttime="20220801 11:26:00.308" endtime="20220801 11:26:00.308"/>
</branch>
<status status="PASS" starttime="20220801 11:26:00.305" endtime="20220801 11:26:00.308"/>
</if>
<status status="PASS" starttime="20220801 11:26:00.283" endtime="20220801 11:26:00.308"/>
</branch>
<status status="PASS" starttime="20220801 11:26:00.283" endtime="20220801 11:26:00.308"/>
</if>
<if>
<branch type="IF" condition="${navbarExist} == 0">
<kw name="Log To Console" library="BuiltIn">
<arg>${Value}</arg>
<doc>Logs the given message to the console.</doc>
<status status="NOT RUN" starttime="20220801 11:26:00.308" endtime="20220801 11:26:00.308"/>
</kw>
<kw name="Append To File" library="OperatingSystem">
<var>${str}</var>
<arg>C:\\Users\\admine\\Desktop\\python Bot\\dernier_lien.txt</arg>
<arg>${Value}\n</arg>
<doc>Appends the given content to the specified file.</doc>
<status status="NOT RUN" starttime="20220801 11:26:00.308" endtime="20220801 11:26:00.308"/>
</kw>
<kw name="Close Browser" library="SeleniumLibrary">
<doc>Closes the current browser.</doc>
<status status="NOT RUN" starttime="20220801 11:26:00.310" endtime="20220801 11:26:00.310"/>
</kw>
<status status="NOT RUN" starttime="20220801 11:26:00.308" endtime="20220801 11:26:00.310"/>
</branch>
<status status="NOT RUN" starttime="20220801 11:26:00.308" endtime="20220801 11:26:00.310"/>
</if>
<status status="PASS" starttime="20220801 11:25:43.183" endtime="20220801 11:26:00.310"/>
</iter>
<iter>
[...]
<doc>Appends the given content to the specified file.</doc>
<msg timestamp="20220801 11:30:54.118" level="INFO" html="true">Appended to file '&lt;a href="file://C:\Users\admine\Desktop\python Bot\links_numbers.txt"&gt;C:\Users\admine\Desktop\python Bot\links_numbers.txt&lt;/a&gt;'.</msg>
<msg timestamp="20220801 11:30:54.118" level="INFO">${str} = None</msg>
<status status="PASS" starttime="20220801 11:30:54.117" endtime="20220801 11:30:54.118"/>
</kw>
<status status="PASS" starttime="20220801 11:30:54.077" endtime="20220801 11:30:54.118"/>
</branch>
<status status="PASS" starttime="20220801 11:30:54.076" endtime="20220801 11:30:54.118"/>
</if>
<status status="PASS" starttime="20220801 11:30:48.824" endtime="20220801 11:30:54.118"/>
</branch>
<status status="PASS" starttime="20220801 11:30:48.823" endtime="20220801 11:30:54.119"/>
</if>
<if>
<branch type="IF" condition="${present} == 0">
<continue>
<status status="NOT RUN" starttime="20220801 11:30:54.119" endtime="20220801 11:30:54.119"/>
</continue>
<status status="NOT RUN" starttime="20220801 11:30:54.119" endtime="20220801 11:30:54.119"/>
</branch>
<status status="PASS" starttime="20220801 11:30:54.119" endtime="20220801 11:30:54.119"/>
</if>
<status status="PASS" starttime="20220801 11:30:48.811" endtime="20220801 11:30:54.119"/>
</branch>
<status status="PASS" starttime="20220801 11:30:48.811" endtime="20220801 11:30:54.119"/>
</if>
<if>
<branch type="IF" condition="${navbarExist} == 0">
<kw name="Log To Console" library="BuiltIn">
<arg>${Value}</arg>
<doc>Logs the given message to the console.</doc>
<status status="NOT RUN" starttime="20220801 11:30:54.120" endtime="20220801 11:30:54.120"/>
</kw>
<kw name="Append To File" library="OperatingSystem">
<var>${str}</var>
<arg>C:\\Users\\admine\\Desktop\\python Bot\\dernier_lien.txt</arg>
<arg>${Value}\n</arg>
<doc>Appends the given content to the specified file.</doc>
<status status="NOT RUN" starttime="20220801 11:30:54.120" endtime="20220801 11:30:54.120"/>
</kw>
<kw name="Close Browser" library="SeleniumLibrary">
<doc>Closes the current browser.</doc>
<status status="NOT RUN" starttime="20220801 11:30:54.121" endtime="20220801 11:30:54.121"/>
</kw>
<status status="NOT RUN" starttime="20220801 11:30:54.120" endtime="20220801 11:30:54.121"/>
</branch>
<status status="PASS" starttime="20220801 11:30:54.119" endtime="20220801 11:30:54.121"/>
</if>
<status status="PASS" starttime="20220801 11:30:22.455" endtime="20220801 11:30:54.121"/>
</iter>
<iter>
<var name="${line}">https://www.leboncoin.fr/voitures/2197965824.htm</var>
<kw name="Get Variable Value" library="BuiltIn">
<var>${Value}</var>
<arg>${line}</arg>
<doc>Returns variable value or ``default`` if the variable does not exist.</doc>
<msg timestamp="20220801 11:30:54.122" level="INFO">${Value} = https://www.leboncoin.fr/voitures/2197965824.htm</msg>
<status status="PASS" starttime="20220801 11:30:54.122" endtime="20220801 11:30:54.122"/>
</kw>
<kw name="Go To" library="SeleniumLibrary">
<arg>${value}</arg>
<doc>Navigates the current browser window to the provided ``url``.</doc>
<msg timestamp="20220801 11:30:54.123" level="INFO">Opening url 'https://www.leboncoin.fr/voitures/2197965824.htm'</msg>
<status status="PASS" starttime="20220801 11:30:54.123" endtime="20220801 11:31:30.134"/>
</kw>
<kw name="Get Element Count" library="SeleniumLibrary">
<var>${navbarExist}</var>
<arg>${nav}</arg>
<doc>Returns the number of elements matching ``locator``.</doc>
<msg timestamp="20220801 11:31:30.192" level="INFO">${navbarExist} = 1</msg>
<status status="PASS" starttime="20220801 11:31:30.134" endtime="20220801 11:31:30.192"/>
</kw>
<if>
<branch type="IF" condition="${navbarExist} != 0">
<kw name="Get Element Count" library="SeleniumLibrary">
<var>${present}</var>
<arg>${var}</arg>
<doc>Returns the number of elements matching ``locator``.</doc>
<msg timestamp="20220801 11:31:30.212" level="INFO">${present} = 0</msg>
<status status="PASS" starttime="20220801 11:31:30.193" endtime="20220801 11:31:30.212"/>
</kw>
<if>
<branch type="IF" condition="${present} != 0">
<kw name="Click Element" library="SeleniumLibrary">
<arg>${var}</arg>
<doc>Click the element identified by ``locator``.</doc>
<status status="NOT RUN" starttime="20220801 11:31:30.212" endtime="20220801 11:31:30.212"/>
</kw>
<kw name="Sleep" library="BuiltIn">
<arg>5sec</arg>
<doc>Pauses the test executed for the given time.</doc>
<status status="NOT RUN" starttime="20220801 11:31:30.213" endtime="20220801 11:31:30.213"/>
</kw>
<kw name="Get Element Count" library="SeleniumLibrary">
<var>${waits}</var>
<arg>//a[@class="_2qvLx _3osY2 _35pAC _1Vw3w _kC3e _32ILh _2L9kx _30q3D _1y_ge _3QJkO"]</arg>
<doc>Returns the number of elements matching ``locator``.</doc>
<status status="NOT RUN" starttime="20220801 11:31:30.213" endtime="20220801 11:31:30.213"/>
</kw>
<if>
<branch type="IF" condition="${waits} == 0">
<continue>
<status status="NOT RUN" starttime="20220801 11:31:30.214" endtime="20220801 11:31:30.214"/>
</continue>
<status status="NOT RUN" starttime="20220801 11:31:30.214" endtime="20220801 11:31:30.214"/>
</branch>
<status status="NOT RUN" starttime="20220801 11:31:30.213" endtime="20220801 11:31:30.214"/>
</if>
<if>
<branch type="IF" condition="${waits} != 0">
<kw name="Get Text" library="SeleniumLibrary">
<var>${number}</var>
<arg>//a[@class="_2qvLx _3osY2 _35pAC _1Vw3w _kC3e _32ILh _2L9kx _30q3D _1y_ge _3QJkO"]</arg>
<doc>Returns the text value of the element identified by ``locator``.</doc>
<status status="NOT RUN" starttime="20220801 11:31:30.214" endtime="20220801 11:31:30.214"/>
</kw>
<kw name="InsertNumbers">
<arg>${number}</arg>
<status status="NOT RUN" starttime="20220801 11:31:30.215" endtime="20220801 11:31:30.215"/>
</kw>
<kw name="Append To File" library="OperatingSystem">
<var>${str}</var>
<arg>C:\\Users\\admine\\Desktop\\python Bot\\links_numbers.txt</arg>
<arg>${number} :: ${Value}\n</arg>
<doc>Appends the given content to the specified file.</doc>
<status status="NOT RUN" starttime="20220801 11:31:30.215" endtime="20220801 11:31:30.215"/>
</kw>
<status status="NOT RUN" starttime="20220801 11:31:30.214" endtime="20220801 11:31:30.216"/>
</branch>
<status status="NOT RUN" starttime="20220801 11:31:30.214" endtime="20220801 11:31:30.216"/>
</if>
<status status="NOT RUN" starttime="20220801 11:31:30.212" endtime="20220801 11:31:30.216"/>
</branch>
<status status="PASS" starttime="20220801 11:31:30.212" endtime="20220801 11:31:30.216"/>
</if>
<if>
<branch type="IF" condition="${present} == 0">
<continue>
<status status="PASS" starttime="20220801 11:31:30.216" endtime="20220801 11:31:30.217"/>
</continue>
<status status="PASS" starttime="20220801 11:31:30.216" endtime="20220801 11:31:30.217"/>
</branch>
<status status="PASS" starttime="20220801 11:31:30.216" endtime="20220801 11:31:30.217"/>
</if>
<status status="PASS" starttime="20220801 11:31:30.193" endtime="20220801 11:31:30.217"/>
</branch>
<status status="PASS" starttime="20220801 11:31:30.192" endtime="20220801 11:31:30.217"/>
</if>
<if>
<branch type="IF" condition="${navbarExist} == 0">
<kw name="Log To Console" library="BuiltIn">
<arg>${Value}</arg>
<doc>Logs the given message to the console.</doc>
<status status="NOT RUN" starttime="20220801 11:31:30.218" endtime="20220801 11:31:30.218"/>
</kw>
<kw name="Append To File" library="OperatingSystem">
<var>${str}</var>
<arg>C:\\Users\\admine\\Desktop\\python Bot\\dernier_lien.txt</arg>
<arg>${Value}\n</arg>
<doc>Appends the given content to the specified file.</doc>
<status status="NOT RUN" starttime="20220801 11:31:30.218" endtime="20220801 11:31:30.218"/>
</kw>
<kw name="Close Browser" library="SeleniumLibrary">
<doc>Closes the current browser.</doc>
<status status="NOT RUN" starttime="20220801 11:31:30.218" endtime="20220801 11:31:30.219"/>
</kw>
<status status="NOT RUN" starttime="20220801 11:31:30.217" endtime="20220801 11:31:30.219"/>
</branch>
<status status="NOT RUN" starttime="20220801 11:31:30.217" endtime="20220801 11:31:30.219"/>
</if>
<status status="PASS" starttime="20220801 11:30:54.121" endtime="20220801 11:31:30.219"/>
</iter>
<iter>
<var name="${line}">https://www.leboncoin.fr/voitures/2197965850.htm</var>
<kw name="Get Variable Value" library="BuiltIn">
<var>${Value}</var>
<arg>${line}</arg>
<doc>Returns variable value or ``default`` if the variable does not exist.</doc>
<msg timestamp="20220801 11:31:30.220" level="INFO">${Value} = https://www.leboncoin.fr/voitures/2197965850.htm</msg>
<status status="PASS" starttime="20220801 11:31:30.219" endtime="20220801 11:31:30.220"/>
</kw>
<kw name="Go To" library="SeleniumLibrary">
<arg>${value}</arg>
<doc>Navigates the current browser window to the provided ``url``.</doc>
<msg timestamp="20220801 11:31:30.222" level="INFO">Opening url 'https://www.leboncoin.fr/voitures/2197965850.htm'</msg>
<status status="PASS" starttime="20220801 11:31:30.220" endtime="20220801 11:32:09.182"/>
</kw>
<kw name="Get Element Count" library="SeleniumLibrary">
<var>${navbarExist}</var>
<arg>${nav}</arg>
<doc>Returns the number of elements matching ``locator``.</doc>
<msg timestamp="20220801 11:32:09.200" level="INFO">${navbarExist} = 1</msg>
<status status="PASS" starttime="20220801 11:32:09.182" endtime="20220801 11:32:09.200"/>
</kw>
<if>
<branch type="IF" condition="${navbarExist} != 0">
<kw name="Get Element Count" library="SeleniumLibrary">
<var>${present}</var>
<arg>${var}</arg>
<doc>Returns the number of elements matching ``locator``.</doc>
<msg timestamp="20220801 11:32:09.217" level="INFO">${present} = 0</msg>
<status status="PASS" starttime="20220801 11:32:09.201" endtime="20220801 11:32:09.217"/>
</kw>
<if>
<branch type="IF" condition="${present} != 0">
<kw name="Click Element" library="SeleniumLibrary">
<arg>${var}</arg>
<doc>Click the element identified by ``locator``.</doc>
<status status="NOT RUN" starttime="20220801 11:32:09.218" endtime="20220801 11:32:09.218"/>
</kw>
<kw name="Sleep" library="BuiltIn">
<arg>5sec</arg>
<doc>Pauses the test executed for the given time.</doc>
<status status="NOT RUN" starttime="20220801 11:32:09.218" endtime="20220801 11:32:09.218"/>
</kw>
<kw name="Get Element Count" library="SeleniumLibrary">
<var>${waits}</var>
<arg>//a[@class="_2qvLx _3osY2 _35pAC _1Vw3w _kC3e _32ILh _2L9kx _30q3D _1y_ge _3QJkO"]</arg>
<doc>Returns the number of elements matching ``locator``.</doc>
<status status="NOT RUN" starttime="20220801 11:32:09.218" endtime="20220801 11:32:09.218"/>
</kw>
<if>
<branch type="IF" condition="${waits} == 0">
<continue>
<status status="NOT RUN" starttime="20220801 11:32:09.219" endtime="20220801 11:32:09.219"/>
</continue>
<status status="NOT RUN" starttime="20220801 11:32:09.219" endtime="20220801 11:32:09.219"/>
</branch>
<status status="NOT RUN" starttime="20220801 11:32:09.219" endtime="20220801 11:32:09.219"/>
</if>
<if>
<branch type="IF" condition="${waits} != 0">
<kw name="Get Text" library="SeleniumLibrary">
<var>${number}</var>
<arg>//a[@class="_2qvLx _3osY2 _35pAC _1Vw3w _kC3e _32ILh _2L9kx _30q3D _1y_ge _3QJkO"]</arg>
<doc>Returns the text value of the element identified by ``locator``.</doc>
<status status="NOT RUN" starttime="20220801 11:32:09.219" endtime="20220801 11:32:09.219"/>
</kw>
<kw name="InsertNumbers">
<arg>${number}</arg>
<status status="NOT RUN" starttime="20220801 11:32:09.219" endtime="20220801 11:32:09.220"/>
</kw>
<kw name="Append To File" library="OperatingSystem">
<var>${str}</var>
<arg>C:\\Users\\admine\\Desktop\\python Bot\\links_numbers.txt</arg>
<arg>${number} :: ${Value}\n</arg>
<doc>Appends the given content to the specified file.</doc>
<status status="NOT RUN" starttime="20220801 11:32:09.220" endtime="20220801 11:32:09.220"/>
</kw>
<status status="NOT RUN" starttime="20220801 11:32:09.219" endtime="20220801 11:32:09.220"/>
</branch>
<status status="NOT RUN" starttime="20220801 11:32:09.219" endtime="20220801 11:32:09.220"/>
</if>
<status status="NOT RUN" starttime="20220801 11:32:09.217" endtime="20220801 11:32:09.220"/>
</branch>
<status status="PASS" starttime="20220801 11:32:09.217" endtime="20220801 11:32:09.220"/>
</if>
<if>
<branch type="IF" condition="${present} == 0">
<continue>
<status status="PASS" starttime="20220801 11:32:09.221" endtime="20220801 11:32:09.221"/>
</continue>
<status status="PASS" starttime="20220801 11:32:09.221" endtime="20220801 11:32:09.221"/>
</branch>
<status status="PASS" starttime="20220801 11:32:09.220" endtime="20220801 11:32:09.221"/>
</if>
<status status="PASS" starttime="20220801 11:32:09.201" endtime="20220801 11:32:09.221"/>
</branch>
<status status="PASS" starttime="20220801 11:32:09.200" endtime="20220801 11:32:09.221"/>
</if>
<if>
<branch type="IF" condition="${navbarExist} == 0">
<kw name="Log To Console" library="BuiltIn">
<arg>${Value}</arg>
<doc>Logs the given message to the console.</doc>
<status status="NOT RUN" starttime="20220801 11:32:09.221" endtime="20220801 11:32:09.221"/>
</kw>
<kw name="Append To File" library="OperatingSystem">
<var>${str}</var>
<arg>C:\\Users\\admine\\Desktop\\python Bot\\dernier_lien.txt</arg>
<arg>${Value}\n</arg>
<doc>Appends the given content to the specified file.</doc>
<status status="NOT RUN" starttime="20220801 11:32:09.222" endtime="20220801 11:32:09.222"/>
</kw>
<kw name="Close Browser" library="SeleniumLibrary">
<doc>Closes the current browser.</doc>
<status status="NOT RUN" starttime="20220801 11:32:09.222" endtime="20220801 11:32:09.222"/>
</kw>
<status status="NOT RUN" starttime="20220801 11:32:09.221" endtime="20220801 11:32:09.222"/>
</branch>
<status status="NOT RUN" starttime="20220801 11:32:09.221" endtime="20220801 11:32:09.222"/>
</if>
<status status="PASS" starttime="20220801 11:31:30.219" endtime="20220801 11:32:09.222"/>
</iter>
<iter>
<var name="${line}">https://www.leboncoin.fr/voitures/2197965921.htm</var>
<kw name="Get Variable Value" library="BuiltIn">
<var>${Value}</var>
<arg>${line}</arg>
<doc>Returns variable value or ``default`` if the variable does not exist.</doc>
<msg timestamp="20220801 11:32:09.222" level="INFO">${Value} = https://www.leboncoin.fr/voitures/2197965921.htm</msg>
<status status="PASS" starttime="20220801 11:32:09.222" endtime="20220801 11:32:09.222"/>
</kw>
<kw name="Go To" library="SeleniumLibrary">
<arg>${value}</arg>
<doc>Navigates the current browser window to the provided ``url``.</doc>
<msg timestamp="20220801 11:32:09.222" level="INFO">Opening url 'https://www.leboncoin.fr/voitures/2197965921.htm'</msg>
<status status="PASS" starttime="20220801 11:32:09.222" endtime="20220801 11:32:30.364"/>
</kw>
<kw name="Get Element Count" library="SeleniumLibrary">
<var>${navbarExist}</var>
<arg>${nav}</arg>
<doc>Returns the number of elements matching ``locator``.</doc>
<msg timestamp="20220801 11:32:30.384" level="INFO">${navbarExist} = 1</msg>
<status status="PASS" starttime="20220801 11:32:30.364" endtime="20220801 11:32:30.384"/>
</kw>
<if>
<branch type="IF" condition="${navbarExist} != 0">
<kw name="Get Element Count" library="SeleniumLibrary">
<var>${present}</var>
<arg>${var}</arg>
<doc>Returns the number of elements matching ``locator``.</doc>
<msg timestamp="20220801 11:32:30.403" level="INFO">${present} = 0</msg>
<status status="PASS" starttime="20220801 11:32:30.384" endtime="20220801 11:32:30.403"/>
</kw>
<if>
<branch type="IF" condition="${present} != 0">
<kw name="Click Element" library="SeleniumLibrary">
<arg>${var}</arg>
<doc>Click the element identified by ``locator``.</doc>
<status status="NOT RUN" starttime="20220801 11:32:30.404" endtime="20220801 11:32:30.404"/>
</kw>
<kw name="Sleep" library="BuiltIn">
<arg>5sec</arg>
<doc>Pauses the test executed for the given time.</doc>
<status status="NOT RUN" starttime="20220801 11:32:30.404" endtime="20220801 11:32:30.404"/>
</kw>
<kw name="Get Element Count" library="SeleniumLibrary">
<var>${waits}</var>
<arg>//a[@class="_2qvLx _3osY2 _35pAC _1Vw3w _kC3e _32ILh _2L9kx _30q3D _1y_ge _3QJkO"]</arg>
<doc>Returns the number of elements matching ``locator``.</doc>
<status status="NOT RUN" starttime="20220801 11:32:30.404" endtime="20220801 11:32:30.404"/>
</kw>
<if>
<branch type="IF" condition="${waits} == 0">
<continue>
<status status="NOT RUN" starttime="20220801 11:32:30.405" endtime="20220801 11:32:30.405"/>
</continue>
<status status="NOT RUN" starttime="20220801 11:32:30.405" endtime="20220801 11:32:30.405"/>
</branch>
<status status="NOT RUN" starttime="20220801 11:32:30.404" endtime="20220801 11:32:30.405"/>
</if>
<if>
<branch type="IF" condition="${waits} != 0">
<kw name="Get Text" library="SeleniumLibrary">
<var>${number}</var>
<arg>//a[@class="_2qvLx _3osY2 _35pAC _1Vw3w _kC3e _32ILh _2L9kx _30q3D _1y_ge _3QJkO"]</arg>
<doc>Returns the text value of the element identified by ``locator``.</doc>
<status status="NOT RUN" starttime="20220801 11:32:30.405" endtime="20220801 11:32:30.405"/>
</kw>
<kw name="InsertNumbers">
<arg>${number}</arg>
<status status="NOT RUN" starttime="20220801 11:32:30.406" endtime="20220801 11:32:30.406"/>
</kw>
<kw name="Append To File" library="OperatingSystem">
<var>${str}</var>
<arg>C:\\Users\\admine\\Desktop\\python Bot\\links_numbers.txt</arg>
<arg>${number} :: ${Value}\n</arg>
<doc>Appends the given content to the specified file.</doc>
<status status="NOT RUN" starttime="20220801 11:32:30.406" endtime="20220801 11:32:30.406"/>
</kw>
<status status="NOT RUN" starttime="20220801 11:32:30.405" endtime="20220801 11:32:30.406"/>
</branch>
<status status="NOT RUN" starttime="20220801 11:32:30.405" endtime="20220801 11:32:30.406"/>
</if>
<status status="NOT RUN" starttime="20220801 11:32:30.403" endtime="20220801 11:32:30.406"/>
</branch>
<status status="PASS" starttime="20220801 11:32:30.403" endtime="20220801 11:32:30.406"/>
</if>
<if>
<branch type="IF" condition="${present} == 0">
<continue>
<status status="PASS" starttime="20220801 11:32:30.409" endtime="20220801 11:32:30.409"/>
</continue>
<status status="PASS" starttime="20220801 11:32:30.409" endtime="20220801 11:32:30.409"/>
</branch>
<status status="PASS" starttime="20220801 11:32:30.406" endtime="20220801 11:32:30.409"/>
</if>
<status status="PASS" starttime="20220801 11:32:30.384" endtime="20220801 11:32:30.409"/>
</branch>
<status status="PASS" starttime="20220801 11:32:30.384" endtime="20220801 11:32:30.409"/>
</if>
<if>
<branch type="IF" condition="${navbarExist} == 0">
<kw name="Log To Console" library="BuiltIn">
<arg>${Value}</arg>
<doc>Logs the given message to the console.</doc>
<status status="NOT RUN" starttime="20220801 11:32:30.409" endtime="20220801 11:32:30.411"/>
</kw>
<kw name="Append To File" library="OperatingSystem">
<var>${str}</var>
<arg>C:\\Users\\admine\\Desktop\\python Bot\\dernier_lien.txt</arg>
<arg>${Value}\n</arg>
<doc>Appends the given content to the specified file.</doc>
<status status="NOT RUN" starttime="20220801 11:32:30.411" endtime="20220801 11:32:30.411"/>
</kw>
<kw name="Close Browser" library="SeleniumLibrary">
<doc>Closes the current browser.</doc>
<status status="NOT RUN" starttime="20220801 11:32:30.411" endtime="20220801 11:32:30.411"/>
</kw>
<status status="NOT RUN" starttime="20220801 11:32:30.409" endtime="20220801 11:32:30.411"/>
</branch>
<status status="NOT RUN" starttime="20220801 11:32:30.409" endtime="20220801 11:32:30.411"/>
</if>
<status status="PASS" starttime="20220801 11:32:09.222" endtime="20220801 11:32:30.411"/>
</iter>
<status status="PASS" starttime="20220801 11:19:51.491" endtime="20220801 11:32:30.411"/>
</for>
<status status="PASS" starttime="20220801 11:19:51.489" endtime="20220801 11:32:30.411"/>
</kw>
<status status="PASS" starttime="20220801 11:18:19.122" endtime="20220801 11:32:30.414"/>
</test>
<status status="PASS" starttime="20220801 11:18:18.719" endtime="20220801 11:32:30.416"/>
</suite>
<statistics>
<total>
<stat pass="1" fail="0" skip="0">All Tests</stat>
</total>
<tag>
</tag>
<suite>
<stat pass="1" fail="0" skip="0" id="s1" name="Test">Test</stat>
</suite>
</statistics>
<errors>
</errors>
</robot>
